<?xml version="1.0" encoding="UTF-8"?>
<testsuite name="eComerce" tests="10" skipped="0" failures="0" errors="0" timestamp="2022-07-03T01:18:08" hostname="MSI" time="16.946">
  <properties/>
  <testcase name="Test case: Vaidar que se desplieguen todas las categoras" classname="eComerce" time="3.986"/>
  <testcase name="Test case: Vaidar que se desplieguen todas las categoras" classname="eComerce" time="2.695"/>
  <testcase name="obtener_token_usando_auth_emil_pass()" classname="eComerce" time="1.561"/>
  <testcase name="editar_info_usuario()" classname="eComerce" time="0.932"/>
  <testcase name="crear_usuario_nuevo()" classname="eComerce" time="0.993"/>
  <testcase name="update_telefono()" classname="eComerce" time="0.855"/>
  <testcase name="crear_direccion()" classname="eComerce" time="0.358"/>
  <testcase name="borrar_direccion()" classname="eComerce" time="0.537"/>
  <testcase name="crear_anuncio()" classname="eComerce" time="4.465"/>
  <testcase name="ver_anuncios_pendientes()" classname="eComerce" time="0.531"/>
  <system-out><![CDATA[Request method:	GET
Request URI:	https://webapi.segundamano.mx/nga/api/v1.1/public/categories/filter?lang=es
Proxy:			<none>
Request params:	<none>
Query params:	lang=es
Form params:	<none>
Path params:	<none>
Headers:		Accept=*/*
Cookies:		<none>
Multiparts:		<none>
Body:			<none>
Time: 1384
Body Response: {"all_categories":{"color":"FFFFFF","icon":"http://www.segundamano.mx/img/nga/todas_las_categorias.png","label":"Todas las categorías"},"categories":[{"all_label":"Todas de la categoría","categories":[{"all_label":"Todas de la categoría","code":"1020","filter_value":{"keys":["category"],"values":["1020"]},"label":"Venta inmuebles"},{"all_label":"Todas de la categoría","code":"1040","filter_value":{"keys":["category"],"values":["1040"]},"label":"Renta inmuebles"},{"all_label":"Todas de la categoría","code":"1060","filter_value":{"keys":["category"],"values":["1060"]},"label":"Traspasos"},{"all_label":"Todas de la categoría","code":"1080","filter_value":{"keys":["category"],"values":["1080"]},"label":"Rentas vacacionales"},{"all_label":"Todas de la categoría","code":"1100","filter_value":{"keys":["category"],"values":["1100"]},"label":"Desarrollos inmobiliarios"}],"code":"1000","color":"FDE8DE","filter_value":{"keys":["category"],"values":["1000"]},"icon":"http://www.segundamano.mx/img/nga/inmuebles.png","label":"Inmuebles"},{"all_label":"Todas de la categoría","categories":[{"all_label":"Todas de la categoría","categories":[{"code":"2021","filter_value":{"keys":["category"],"values":["2021"]},"label":"Autos"},{"code":"2022","filter_value":{"keys":["category"],"values":["2022"]},"label":"Suv, Jeep y Van"},{"code":"2023","filter_value":{"keys":["category"],"values":["2023"]},"label":"Pick up"}],"code":"2020","filter_value":{"keys":["category"],"values":["2020"]},"label":"Automóviles y camionetas"},{"all_label":"Todas de la categoría","code":"2040","filter_value":{"keys":["category"],"values":["2040"]},"label":"Motocicletas"},{"all_label":"Todas de la categoría","categories":[{"code":"2121","filter_value":{"keys":["category"],"values":["2121"]},"label":"Autoestereos y sonido"},{"code":"2122","filter_value":{"keys":["category"],"values":["2122"]},"label":"Refacciones y otras"},{"code":"2123","filter_value":{"keys":["category"],"values":["2123"]},"label":"Rines y llantas"},{"code":"2124","filter_value":{"keys":["category"],"values":["2124"]},"label":"Remolques y cajas secas"}],"code":"2120","filter_value":{"keys":["category"],"values":["2120"]},"label":"Accesorios y piezas"},{"all_label":"Todas de la categoría","code":"2080","filter_value":{"keys":["category"],"values":["2080"]},"label":"Camiones, comerciales y casas rodantes"},{"all_label":"Todas de la categoría","code":"2060","filter_value":{"keys":["category"],"values":["2060"]},"label":"Náutica y aéreos"}],"code":"2000","color":"E1E1E1","filter_value":{"keys":["category"],"values":["2000"]},"icon":"http://www.segundamano.mx/img/nga/vehiculos.png","label":"Vehículos"},{"all_label":"Todas de la categoría","categories":[{"all_label":"Todas de la categoría","categories":[{"code":"5041","filter_value":{"keys":["category"],"values":["5041"]},"label":"Telefonía"},{"code":"5042","filter_value":{"keys":["category"],"values":["5042"]},"label":"Accesorios"}],"code":"5040","filter_value":{"keys":["category"],"values":["5040"]},"label":"Celulares y teléfonos"},{"all_label":"Todas de la categoría","code":"5080","filter_value":{"keys":["category"],"values":["5080"]},"label":"Audio, tv, video y fotografía"},{"all_label":"Todas de la categoría","categories":[{"code":"5021","filter_value":{"keys":["category"],"values":["5021"]},"label":"Laptops, PC y tabletas"},{"code":"5022","filter_value":{"keys":["category"],"values":["5022"]},"label":"Accesorios, juegos y programas"}],"code":"5020","filter_value":{"keys":["category"],"values":["5020"]},"label":"Computadoras y accesorios"},{"all_label":"Todas de la categoría","code":"5060","filter_value":{"keys":["category"],"values":["5060"]},"label":"Consolas y videojuegos"}],"code":"5000","color":"8ECBCD","filter_value":{"keys":["category"],"values":["5000"]},"icon":"http://www.segundamano.mx/img/nga/computadoras_y_electronica.png","label":"Computación y electrónica"},{"all_label":"Todas de la categoría","categories":[{"all_label":"Todas de la categoría","categories":[{"code":"3041","filter_value":{"keys":["category"],"values":["3041"]},"label":"Ventilación y calefacción"},{"code":"3042","filter_value":{"keys":["category"],"values":["3042"]},"label":"Utensilios de cocina"},{"code":"3043","filter_value":{"keys":["category"],"values":["3043"]},"label":"Electrodomésticos y línea blanca"},{"code":"3044","filter_value":{"keys":["category"],"values":["3044"]},"label":"Blancos, organización y limpieza"}],"code":"3040","filter_value":{"keys":["category"],"values":["3040"]},"label":"Todo para tu casa"},{"all_label":"Todas de la categoría","code":"3020","filter_value":{"keys":["category"],"values":["3020"]},"label":"Jardín, herramientas y exteriores"},{"all_label":"Todas de la categoría","categories":[{"code":"3061","filter_value":{"keys":["category"],"values":["3061"]},"label":"Vestidos, faldas, trajes"},{"code":"3062","filter_value":{"keys":["category"],"values":["3062"]},"label":"Zapatos"},{"code":"3063","filter_value":{"keys":["category"],"values":["3063"]},"label":"Playeras y camisas"},{"code":"3064","filter_value":{"keys":["category"],"values":["3064"]},"label":"Pantalones y shorts"},{"code":"3065","filter_value":{"keys":["category"],"values":["3065"]},"label":"Sweaters, abrigos y chamarras"},{"code":"3066","filter_value":{"keys":["category"],"values":["3066"]},"label":"Otras prendas de vestir"}],"code":"3060","filter_value":{"keys":["category"],"values":["3060"]},"label":"Ropa y calzado"},{"all_label":"Todas de la categoría","categories":[{"code":"3101","filter_value":{"keys":["category"],"values":["3101"]},"label":"Ropa, calzado y accesorios"},{"code":"3102","filter_value":{"keys":["category"],"values":["3102"]},"label":"Juguetes"},{"code":"3103","filter_value":{"keys":["category"],"values":["3103"]},"label":"Sillas y carriolas"},{"code":"3104","filter_value":{"keys":["category"],"values":["3104"]},"label":"Muebles y blancos"},{"code":"3105","filter_value":{"keys":["category"],"values":["3105"]},"label":"Cuidado y nutrición"}],"code":"3100","filter_value":{"keys":["category"],"values":["3100"]},"label":"Bebés y niños"},{"all_label":"Todas de la categoría","categories":[{"code":"3081","filter_value":{"keys":["category"],"values":["3081"]},"label":"Relojes"},{"code":"3082","filter_value":{"keys":["category"],"values":["3082"]},"label":"Joyas y bisutería"},{"code":"3083","filter_value":{"keys":["category"],"values":["3083"]},"label":"Bolsas, carteras y cinturones"},{"code":"3084","filter_value":{"keys":["category"],"values":["3084"]},"label":"Lentes, gorras y otros accesorios"}],"code":"3080","filter_value":{"keys":["category"],"values":["3080"]},"label":"Accesorios y joyería"},{"all_label":"Todas de la categoría","categories":[{"code":"3121","filter_value":{"keys":["category"],"values":["3121"]},"label":"Sala"},{"code":"3122","filter_value":{"keys":["category"],"values":["3122"]},"label":"Recámara"},{"code":"3123","filter_value":{"keys":["category"],"values":["3123"]},"label":"Comedor"},{"code":"3124","filter_value":{"keys":["category"],"values":["3124"]},"label":"Artículos de decoración"},{"code":"3125","filter_value":{"keys":["category"],"values":["3125"]},"label":"Otros muebles"}],"code":"3120","filter_value":{"keys":["category"],"values":["3120"]},"label":"Muebles y decoración"}],"code":"3000","color":"FDE8DE","filter_value":{"keys":["category"],"values":["3000"]},"icon":"http://www.segundamano.mx/img/nga/tu_hogar_y_tu.png","label":"Tu hogar y tú"},{"all_label":"Todas de la categoría","categories":[{"all_label":"Todas de la categoría","code":"6020","filter_value":{"keys":["category"],"values":["6020"]},"label":"Ofertas de empleo"},{"all_label":"Todas de la categoría","code":"6040","filter_value":{"keys":["category"],"values":["6040"]},"label":"Busco empleo"},{"all_label":"Todas de la categoría","code":"6060","filter_value":{"keys":["category"],"values":["6060"]},"label":"Educación"}],"code":"6000","color":"E1E1E1","filter_value":{"keys":["category"],"values":["6000"]},"icon":"http://www.segundamano.mx/img/nga/empleo_y_educacion.png","label":"Empleo y educación"},{"all_label":"Todas de la categoría","categories":[{"all_label":"Todas de la categoría","categories":[{"code":"4021","filter_value":{"keys":["category"],"values":["4021"]},"label":"Animales"},{"code":"4022","filter_value":{"keys":["category"],"values":["4022"]},"label":"Accesorios, cuidado y nutrición"}],"code":"4020","filter_value":{"keys":["category"],"values":["4020"]},"label":"Animales y mascotas"},{"all_label":"Todas de la categoría","categories":[{"code":"4041","filter_value":{"keys":["category"],"values":["4041"]},"label":"Ropa y calzado deportivo"},{"code":"4042","filter_value":{"keys":["category"],"values":["4042"]},"label":"Equipo, accesorios y hobbies"}],"code":"4040","filter_value":{"keys":["category"],"values":["4040"]},"label":"Deportes y hobbies"},{"all_label":"Todas de la categoría","code":"4060","filter_value":{"keys":["category"],"values":["4060"]},"label":"Instrumentos musicales"},{"all_label":"Todas de la categoría","code":"4100","filter_value":{"keys":["category"],"values":["4100"]},"label":"Coleccionismo"},{"all_label":"Todas de la categoría","code":"4080","filter_value":{"keys":["category"],"values":["4080"]},"label":"Música, libros y películas"},{"all_label":"Todas de la categoría","code":"4120","filter_value":{"keys":["category"],"values":["4120"]},"label":"Salud y belleza"},{"all_label":"Todas de la categoría","code":"4140","filter_value":{"keys":["category"],"values":["4140"]},"label":"Papelería, escolares y oficina"}],"code":"4000","color":"8ECBCD","filter_value":{"keys":["category"],"values":["4000"]},"icon":"http://www.segundamano.mx/img/nga/tiempo_libre.png","label":"Tiempo libre"},{"all_label":"Todas de la categoría","categories":[{"all_label":"Todas de la categoría","categories":[{"code":"8021","filter_value":{"keys":["category"],"values":["8021"]},"label":"Construcción"},{"code":"8022","filter_value":{"keys":["category"],"values":["8022"]},"label":"Diseño"},{"code":"8023","filter_value":{"keys":["category"],"values":["8023"]},"label":"Decoración de interiores"},{"code":"8024","filter_value":{"keys":["category"],"values":["8024"]},"label":"Remodelaciones"},{"code":"8025","filter_value":{"keys":["category"],"values":["8025"]},"label":"Jardinería"},{"code":"8026","filter_value":{"keys":["category"],"values":["8026"]},"label":"Persianas y pisos"},{"code":"8027","filter_value":{"keys":["category"],"values":["8027"]},"label":"Carpinteros"},{"code":"8028","filter_value":{"keys":["category"],"values":["8028"]},"label":"Electricista"},{"code":"8029","filter_value":{"keys":["category"],"values":["8029"]},"label":"Herrería"},{"code":"8030","filter_value":{"keys":["category"],"values":["8030"]},"label":"Albañiles"},{"code":"8031","filter_value":{"keys":["category"],"values":["8031"]},"label":"Plomero"},{"code":"8032","filter_value":{"keys":["category"],"values":["8032"]},"label":"Pintor"},{"code":"8033","filter_value":{"keys":["category"],"values":["8033"]},"label":"Limpieza"},{"code":"8034","filter_value":{"keys":["category"],"values":["8034"]},"label":"Mantenimiento de Inmuebles"}],"code":"8020","filter_value":{"keys":["category"],"values":["8020"]},"label":"Remodelaciones y mantenimiento"},{"all_label":"Todas de la categoría","categories":[{"code":"8041","filter_value":{"keys":["category"],"values":["8041"]},"label":"Arquitectos"},{"code":"8042","filter_value":{"keys":["category"],"values":["8042"]},"label":"Abogados"},{"code":"8043","filter_value":{"keys":["category"],"values":["8043"]},"label":"Contadores"},{"code":"8044","filter_value":{"keys":["category"],"values":["8044"]},"label":"Administración"},{"code":"8045","filter_value":{"keys":["category"],"values":["8045"]},"label":"Más profesionales"}],"code":"8040","filter_value":{"keys":["category"],"values":["8040"]},"label":"Profesionales"},{"all_label":"Todas de la categoría","categories":[{"code":"8061","filter_value":{"keys":["category"],"values":["8061"]},"label":"Equipo ligero"},{"code":"8062","filter_value":{"keys":["category"],"values":["8062"]},"label":"Grúas"},{"code":"8063","filter_value":{"keys":["category"],"values":["8063"]},"label":"Maquinaria y equipo pesado"}],"code":"8060","filter_value":{"keys":["category"],"values":["8060"]},"label":"Renta de maquinaria y equipo"},{"all_label":"Todas de la categoría","categories":[{"code":"8081","filter_value":{"keys":["category"],"values":["8081"]},"label":"Celulares"},{"code":"8082","filter_value":{"keys":["category"],"values":["8082"]},"label":"Computadoras y laptops"},{"code":"8083","filter_value":{"keys":["category"],"values":["8083"]},"label":"Línea Blanca"},{"code":"8084","filter_value":{"keys":["category"],"values":["8084"]},"label":"Aire acondicionado"},{"code":"8085","filter_value":{"keys":["category"],"values":["8085"]},"label":"Equipos industriales"},{"code":"8086","filter_value":{"keys":["category"],"values":["8086"]},"label":"Otros equipos electrónicos"}],"code":"8080","filter_value":{"keys":["category"],"values":["8080"]},"label":"Reparación de equipo"},{"all_label":"Todas de la categoría","code":"8100","filter_value":{"keys":["category"],"values":["8100"]},"label":"Internet y Comunicaciones"},{"all_label":"Todas de la categoría","categories":[{"code":"8121","filter_value":{"keys":["category"],"values":["8121"]},"label":"Mudanzas y fletes"},{"code":"8122","filter_value":{"keys":["category"],"values":["8122"]},"label":"Transporte de pasajeros"}],"code":"8120","filter_value":{"keys":["category"],"values":["8120"]},"label":"Transportes"},{"all_label":"Todas de la categoría","categories":[{"code":"8141","filter_value":{"keys":["category"],"values":["8141"]},"label":"Foto y video"},{"code":"8142","filter_value":{"keys":["category"],"values":["8142"]},"label":"Salon de eventos"},{"code":"8143","filter_value":{"keys":["category"],"values":["8143"]},"label":"Organización de eventos"},{"code":"8144","filter_value":{"keys":["category"],"values":["8144"]},"label":"Comida para fiestas"},{"code":"8145","filter_value":{"keys":["category"],"values":["8145"]},"label":"Alquiler de Equipamiento"},{"code":"8146","filter_value":{"keys":["category"],"values":["8146"]},"label":"Música para eventos"}],"code":"8140","filter_value":{"keys":["category"],"values":["8140"]},"label":"Eventos"},{"all_label":"Todas de la categoría","categories":[{"code":"8161","filter_value":{"keys":["category"],"values":["8161"]},"label":"Taller Mecánico"},{"code":"8162","filter_value":{"keys":["category"],"values":["8162"]},"label":"Hojalatería y pintura"},{"code":"8163","filter_value":{"keys":["category"],"values":["8163"]},"label":"Autolavado"}],"code":"8160","filter_value":{"keys":["category"],"values":["8160"]},"label":"Mantenimiento de Autos"},{"all_label":"Todas de la categoría","categories":[{"code":"8181","filter_value":{"keys":["category"],"values":["8181"]},"label":"Peluquería"},{"code":"8182","filter_value":{"keys":["category"],"values":["8182"]},"label":"Depilación"},{"code":"8183","filter_value":{"keys":["category"],"values":["8183"]},"label":"Manicura y Pedicura"},{"code":"8184","filter_value":{"keys":["category"],"values":["8184"]},"label":"Maquillaje"},{"code":"8185","filter_value":{"keys":["category"],"values":["8185"]},"label":"Masajes y Spa"}],"code":"8180","filter_value":{"keys":["category"],"values":["8180"]},"label":"Cuidado personal, belleza y estética"},{"all_label":"Todas de la categoría","categories":[{"code":"8201","filter_value":{"keys":["category"],"values":["8201"]},"label":"Diseño gráfico y digital"},{"code":"8202","filter_value":{"keys":["category"],"values":["8202"]},"label":"Imprenta"},{"code":"8203","filter_value":{"keys":["category"],"values":["8203"]},"label":"Promocionales"}],"code":"8200","filter_value":{"keys":["category"],"values":["8200"]},"label":"Publicidad"},{"all_label":"Todas de la categoría","categories":[{"code":"8221","filter_value":{"keys":["category"],"values":["8221"]},"label":"Veterinarias"},{"code":"8222","filter_value":{"keys":["category"],"values":["8222"]},"label":"Paseadores y cuidadores"},{"code":"8223","filter_value":{"keys":["category"],"values":["8223"]},"label":"Estética canina"}],"code":"8220","filter_value":{"keys":["category"],"values":["8220"]},"label":"Servicios para mascota"},{"all_label":"Todas de la categoría","categories":[{"code":"8241","filter_value":{"keys":["category"],"values":["8241"]},"label":"Accesorios y servicios funerarios"},{"code":"8242","filter_value":{"keys":["category"],"values":["8242"]},"label":"Fabricación"},{"code":"8243","filter_value":{"keys":["category"],"values":["8243"]},"label":"Varios"}],"code":"8240","filter_value":{"keys":["category"],"values":["8240"]},"label":"Otros Servicios"}],"code":"8000","color":"FDE8DE","filter_value":{"keys":["category"],"values":["8000"]},"icon":"http://www.segundamano.mx/img/nga/servicios.png","label":"Servicios"},{"all_label":"Todas de la categoría","categories":[{"all_label":"Todas de la categoría","code":"9020","filter_value":{"keys":["category"],"values":["9020"]},"label":"Venta y Traspasos"},{"all_label":"Todas de la categoría","categories":[{"code":"9041","filter_value":{"keys":["category"],"values":["9041"]},"label":"Alimentos"},{"code":"9042","filter_value":{"keys":["category"],"values":["9042"]},"label":"Mobiliario"},{"code":"9043","filter_value":{"keys":["category"],"values":["9043"]},"label":"Industrial"}],"code":"9040","filter_value":{"keys":["category"],"values":["9040"]},"label":"Equipamiento e Insumos"}],"code":"9000","color":"FDE8DE","filter_value":{"keys":["category"],"values":["9000"]},"icon":"http://www.segundamano.mx/img/nga/negocios_y_servicios.png","label":"Negocios e Industria"}]}
Heades: Server=nginx
Content-Type=application/json; charset=utf-8
Vary=Accept-Encoding
X-SCM-API-Version=1.1
Cache-Control=max-age=31536000
ETag=W/"454f075aee4dc3c414ec981431530f58"
Date=Sat, 25 Jun 2022 00:14:27 GMT
X-Frame-Options=DENY
Content-Encoding=gzip
Via=1.1 google
Alt-Svc=h3=":443"; ma=2592000,h3-29=":443"; ma=2592000
Transfer-Encoding=chunked
Request method:	POST
Request URI:	https://webapi.segundamano.mx/nga/api/v1.1/private/accounts?lang=es
Proxy:			<none>
Request params:	<none>
Query params:	lang=es
Form params:	<none>
Path params:	<none>
Headers:		Authorization=Basic dGVzdDFfYWdlbnRlQG1haWxpbmF0b3IuY29tOjEyMzQ1Ng==
				Accept=*/*
				Content-Type=application/x-www-form-urlencoded; charset=ISO-8859-1
Cookies:		<none>
Multiparts:		<none>
Body:			<none>
Body Response: {"access_token":"mc1x3389a62b2d18e958e77160fa8439beaf5c1faaab_v2","account":{"account_id":"/private/accounts/11686178","can_publish":true,"email":"test1_agente@mailinator.com","email_verified":true,"locations":[],"name":"agente_ventas4625.0","phone":"1871282996","phone_hidden":false,"professional":false,"rfc":"","uuid":"d89b3d75-6e0f-49be-a5eb-81ad90835e68"},"ad_events":{"24h":{"calls":0,"mails":0,"phone_views":0,"views":0},"7d":{"calls":0,"mails":0,"phone_views":0,"views":0},"total":{"calls":0,"mails":0,"phone_views":0,"views":0}},"token_type":"tag:scmcoord.com,2013:api"}
Heades: Server=nginx
Date=Sun, 03 Jul 2022 01:18:13 GMT
Content-Type=application/json; charset=utf-8
Vary=Accept-Encoding
X-SCM-API-Version=1.1
X-Frame-Options=DENY
Content-Encoding=gzip
Via=1.1 google
Alt-Svc=h3=":443"; ma=2592000,h3-29=":443"; ma=2592000
Transfer-Encoding=chunked
AccessToken: mc1x3389a62b2d18e958e77160fa8439beaf5c1faaab_v2
Time: 1701
Request method:	POST
Request URI:	https://webapi.segundamano.mx/nga/api/v1.1/private/accounts?lang=es
Proxy:			<none>
Request params:	<none>
Query params:	lang=es
Form params:	<none>
Path params:	<none>
Headers:		Authorization=Basic dGVzdDFfYWdlbnRlQG1haWxpbmF0b3IuY29tOjEyMzQ1Ng==
				Accept=*/*
				Content-Type=application/x-www-form-urlencoded; charset=ISO-8859-1
Cookies:		<none>
Multiparts:		<none>
Body:			<none>
{
    "access_token": "mc1x7127a6cc86c3fb6ca4f2e02a1f1ae8f64e82fda8_v2",
    "account": {
        "account_id": "/private/accounts/11686178",
        "can_publish": true,
        "email": "test1_agente@mailinator.com",
        "email_verified": true,
        "locations": [
            
        ],
        "name": "agente_ventas4625.0",
        "phone": "1871282996",
        "phone_hidden": false,
        "professional": false,
        "rfc": "",
        "uuid": "d89b3d75-6e0f-49be-a5eb-81ad90835e68"
    },
    "ad_events": {
        "24h": {
            "calls": 0,
            "mails": 0,
            "phone_views": 0,
            "views": 0
        },
        "7d": {
            "calls": 0,
            "mails": 0,
            "phone_views": 0,
            "views": 0
        },
        "total": {
            "calls": 0,
            "mails": 0,
            "phone_views": 0,
            "views": 0
        }
    },
    "token_type": "tag:scmcoord.com,2013:api"
}
Body Response: {
    "access_token": "mc1x7127a6cc86c3fb6ca4f2e02a1f1ae8f64e82fda8_v2",
    "account": {
        "account_id": "/private/accounts/11686178",
        "can_publish": true,
        "email": "test1_agente@mailinator.com",
        "email_verified": true,
        "locations": [
            
        ],
        "name": "agente_ventas4625.0",
        "phone": "1871282996",
        "phone_hidden": false,
        "professional": false,
        "rfc": "",
        "uuid": "d89b3d75-6e0f-49be-a5eb-81ad90835e68"
    },
    "ad_events": {
        "24h": {
            "calls": 0,
            "mails": 0,
            "phone_views": 0,
            "views": 0
        },
        "7d": {
            "calls": 0,
            "mails": 0,
            "phone_views": 0,
            "views": 0
        },
        "total": {
            "calls": 0,
            "mails": 0,
            "phone_views": 0,
            "views": 0
        }
    },
    "token_type": "tag:scmcoord.com,2013:api"
}
Heades: Server=nginx
Date=Sun, 03 Jul 2022 01:18:16 GMT
Content-Type=application/json; charset=utf-8
Vary=Accept-Encoding
X-SCM-API-Version=1.1
X-Frame-Options=DENY
Content-Encoding=gzip
Via=1.1 google
Alt-Svc=h3=":443"; ma=2592000,h3-29=":443"; ma=2592000
Transfer-Encoding=chunked
status response: 200
time response: 1422
AccessToken: mc1x7127a6cc86c3fb6ca4f2e02a1f1ae8f64e82fda8_v2
Access token: mc1x7127a6cc86c3fb6ca4f2e02a1f1ae8f64e82fda8_v2
Account id: /private/accounts/11686178
uuid: d89b3d75-6e0f-49be-a5eb-81ad90835e68
Request method:	PATCH
Request URI:	https://webapi.segundamano.mx/nga/api/v1/private/accounts/11686178?lang=es
Proxy:			<none>
Request params:	<none>
Query params:	lang=es
Form params:	<none>
Path params:	<none>
Headers:		Authorization=tag:scmcoord.com,2013:api mc1x7127a6cc86c3fb6ca4f2e02a1f1ae8f64e82fda8_v2
				Accept=*/*
				Content-Type=application/json
Cookies:		<none>
Multiparts:		<none>
Body:
{
    "account": {
        "name": "Paloma Cabeza de Vaca",
        "phone": "5323034487",
        "locations": [
            {
                "code": "8",
                "key": "region",
                "label": "Colima",
                "locations": [
                    {
                        "code": "110",
                        "key": "municipality",
                        "label": "TecomÃ¡n"
                    }
                ]
            }
        ],
        "professional": false,
        "phone_hidden": false
    }
}
Body Response: {"account":{"account_id":"/private/accounts/11686178","can_publish":true,"email":"test1_agente@mailinator.com","email_verified":true,"locations":[{"code":"8","key":"region","label":"Colima","locations":[{"code":"110","key":"municipality","label":"Tecomán"}]}],"name":"Paloma Cabeza de Vaca","phone":"5323034487","phone_hidden":false,"professional":false,"rfc":"","uuid":"d89b3d75-6e0f-49be-a5eb-81ad90835e68"}}
Request method:	POST
Request URI:	https://webapi.segundamano.mx/nga/api/v1.1/private/accounts?lang=es
Proxy:			<none>
Request params:	<none>
Query params:	lang=es
Form params:	<none>
Path params:	<none>
Headers:		Authorization=Basic YWdlbnRlX3ZlbnRhczQ0NTUuMEBtYWlsaW5hdG9yLmNvbTo1NDUzMi44NTA2MjE0MzMwMzQ=
				Accept=*/*
				Content-Type=application/json
Cookies:		<none>
Multiparts:		<none>
Body:
{
    "account": {
        "email": "agente_ventas4455.0@mailinator.com"
    }
}
Body Response: {"error":{"code":"ACCOUNT_VERIFICATION_REQUIRED"}}
Request method:	PATCH
Request URI:	https://webapi.segundamano.mx/nga/api/v1/private/accounts/11686178?lang=es
Proxy:			<none>
Request params:	<none>
Query params:	lang=es
Form params:	<none>
Path params:	<none>
Headers:		Accept=application/json, text/plain, */*
				Authorization=tag:scmcoord.com,2013:api mc1x7127a6cc86c3fb6ca4f2e02a1f1ae8f64e82fda8_v2
				Content-Type=application/json
Cookies:		<none>
Multiparts:		<none>
Body:
{
    "account": {
        "name": "agente_ventas4455.0@mailinator.com",
        "phone": "1348479977",
        "professional": false
    }
}
Body Response: {"account":{"account_id":"/private/accounts/11686178","can_publish":true,"email":"test1_agente@mailinator.com","email_verified":true,"locations":[],"name":"agente_ventas4455.0","phone":"1348479977","phone_hidden":false,"professional":false,"rfc":"","uuid":"d89b3d75-6e0f-49be-a5eb-81ad90835e68"}}
Telefono: 1348479977
Telefono request: 1348479977
Request method:	POST
Request URI:	https://webapi.segundamano.mx/addresses/v1/create
Proxy:			<none>
Request params:	<none>
Query params:	<none>
Form params:	contact=agente_ventas4455.0@mailinator.com Lopez 
				phone=1348479977
				rfc=CAPL800101
				zipCode=45999
				exteriorInfo=Lopez Mateos 761283
				region=11
				municipality=292
				area=7488
				alias=Casa
Path params:	<none>
Headers:		Authorization=Basic ZDg5YjNkNzUtNmUwZi00OWJlLWE1ZWItODFhZDkwODM1ZTY4Om1jMXg3MTI3YTZjYzg2YzNmYjZjYTRmMmUwMmExZjFhZThmNjRlODJmZGE4X3Yy
				Accept=*/*
				Content-Type=application/x-www-form-urlencoded; charset=ISO-8859-1
Cookies:		<none>
Multiparts:		<none>
Body:			<none>
Body Response: {"addressID":"a961d1ce-f1c9-11ec-9b09-93648656cbfc"}
Address: a961d1ce-f1c9-11ec-9b09-93648656cbfc
Request method:	DELETE
Request URI:	https://webapi.segundamano.mx/addresses/v1/delete/a961d1ce-f1c9-11ec-9b09-93648656cbfc
Proxy:			<none>
Request params:	<none>
Query params:	<none>
Form params:	<none>
Path params:	<none>
Headers:		Authorization=Basic ZDg5YjNkNzUtNmUwZi00OWJlLWE1ZWItODFhZDkwODM1ZTY4Om1jMXg3MTI3YTZjYzg2YzNmYjZjYTRmMmUwMmExZjFhZThmNjRlODJmZGE4X3Yy
				Accept=*/*
Cookies:		<none>
Multiparts:		<none>
Body:			<none>
Body Response: {"message":"a961d1ce-f1c9-11ec-9b09-93648656cbfc deleted correctly"}
Request method:	POST
Request URI:	https://webapi.segundamano.mx/nga/api/v1.1/private/accounts?lang=es
Proxy:			<none>
Request params:	<none>
Query params:	lang=es
Form params:	<none>
Path params:	<none>
Headers:		Authorization=Basic dGVzdDFfYWdlbnRlQG1haWxpbmF0b3IuY29tOjEyMzQ1Ng==
				Accept=*/*
				Content-Type=application/x-www-form-urlencoded; charset=ISO-8859-1
Cookies:		<none>
Multiparts:		<none>
Body:			<none>
Body Response: {"access_token":"mc1xcbcfb47b1e52dbcf30b7e5cb9f27db36756f27b1_v2","account":{"account_id":"/private/accounts/11686178","can_publish":true,"email":"test1_agente@mailinator.com","email_verified":true,"locations":[],"name":"agente_ventas4455.0","phone":"1348479977","phone_hidden":false,"professional":false,"rfc":"","uuid":"d89b3d75-6e0f-49be-a5eb-81ad90835e68"},"ad_events":{"24h":{"calls":0,"mails":0,"phone_views":0,"views":0},"7d":{"calls":0,"mails":0,"phone_views":0,"views":0},"total":{"calls":0,"mails":0,"phone_views":0,"views":0}},"token_type":"tag:scmcoord.com,2013:api"}
AccessToken: mc1xcbcfb47b1e52dbcf30b7e5cb9f27db36756f27b1_v2
Access token: mc1xcbcfb47b1e52dbcf30b7e5cb9f27db36756f27b1_v2
Account id: /private/accounts/11686178
uuid: d89b3d75-6e0f-49be-a5eb-81ad90835e68
Token 2 ZDg5YjNkNzUtNmUwZi00OWJlLWE1ZWItODFhZDkwODM1ZTY4Om1jMXhjYmNmYjQ3YjFlNTJkYmNmMzBiN2U1Y2I5ZjI3ZGIzNjc1NmYyN2IxX3Yy
Endpoint: https://webapi.segundamano.mx/v2/accounts/d89b3d75-6e0f-49be-a5eb-81ad90835e68/upRequest method:	POST
Request URI:	https://webapi.segundamano.mx/v2/accounts/d89b3d75-6e0f-49be-a5eb-81ad90835e68/up
Proxy:			<none>
Request params:	<none>
Query params:	<none>
Form params:	<none>
Path params:	<none>
Headers:		Authorization=Basic ZDg5YjNkNzUtNmUwZi00OWJlLWE1ZWItODFhZDkwODM1ZTY4Om1jMXhjYmNmYjQ3YjFlNTJkYmNmMzBiN2U1Y2I5ZjI3ZGIzNjc1NmYyN2IxX3Yy
				Accept=application/json, text/plain, */*
				x-source=PHOENIX_DESKTOP
				Content-Type=application/json
Cookies:		<none>
Multiparts:		<none>
Body:
{
    "category": "8121",
    "subject": "Mudanzas y fletes a todo el pais",
    "body": "Si estas buscando una mudanza barata, esta es tu opciÃ³n. Tenemos cobertura en todo el paÃ­s",
    "region": "5",
    "municipality": "51",
    "area": "140000",
    "price": "1",
    "phone_hidden": "true",
    "show_phone": "false",
    "contact_phone": "9977886655"
}
Body Response: {"data":{"ad":{"ad_id":"74166017","subject":"Mudanzas y fletes a todo el pais","category":{"code":"8121","label":"Mudanzas y fletes","parent":{"code":"8120","label":"Transportes","parent":{"code":"8000","label":"Servicios"}}},"region":{"code":"5","label":"Baja California Sur"},"municipality":{"code":"51","label":"Comondú"},"area":{"code":"140000","label":"Otra"},"price":{"currency":"MXN","value":1}},"payment_info":{"payment_required":false,"title":"¡Vende más rápido con los Productos Premium!","description":"Elige la opción que mejor se ajuste a tus necesidades","products":[{"id":"serv_free","name":"Anuncio básico","label":"Anuncio con exposición regular, tendrás menos visitas","description":"Anuncio con exposición regular, tendrás menos visitas","price":0,"most_popular":false,"active":true,"payment_methods":["pay_method_tokens"]},{"id":"serv_daily","name":"Subir Diario","label":"Recibe hasta 5 veces más contactos en 7 días","description":"","price":120,"credits":120,"most_popular":false,"active":true,"payment_methods":["pay_method_paypal","pay_method_oxxo","pay_method_credit","pay_method_points"]},{"id":"serv_premiumpackage_2","name":"Subir diario y Posición principal","label":"Recibe hasta 12 veces más contactos","description":"Sube tu anuncio todos los días durante 7 días y pon tu anuncio en la primera posición durante 3 días","price":220,"credits":220,"most_popular":true,"active":true,"tag":{"slug":"tag_recommended","name":"RECOMENDADO"},"payment_methods":["pay_method_paypal","pay_method_oxxo","pay_method_credit","pay_method_points"]}]}}}
Request method:	GET
Request URI:	https://webapi.segundamano.mx/nga/api/v1/private/accounts/11686178/klfst?status=pending&lim=10&o=0&query=&lang=es
Proxy:			<none>
Request params:	<none>
Query params:	status=pending
				lim=10
				o=0
				query=
				lang=es
Form params:	<none>
Path params:	<none>
Headers:		Authorization=tag:scmcoord.com,2013:api mc1xcbcfb47b1e52dbcf30b7e5cb9f27db36756f27b1_v2
				Accept=*/*
Cookies:		<none>
Multiparts:		<none>
Body:			<none>
Body Response: {"counter_map":{"all":1,"pending":1},"private_ads":[{"ad":{"ad_id":"/private/accounts/11686178/ads/74166017","category":{"code":"8121","color":"FDE8DE","icon":"http://www.segundamano.mx/img/nga/servicios.png","label":"Mudanzas y fletes"},"subject":"Mudanzas y fletes a todo el pais"},"labelmap":{"category":"Categoría","subject":"Título"},"statistics":{"total":{"calls":0,"mails":0,"phone_views":0,"views":0}}}]}
]]></system-out>
  <system-err><![CDATA[jul 02, 2022 8:18:08 PM org.aspectj.weaver.tools.Jdk14Trace error
GRAVE: org/codehaus/groovy/runtime/callsite/AbstractCallSite
java.lang.RuntimeException: bad non-abstract method with no code: void org.codehaus.groovy.runtime.callsite.AbstractCallSite.<init>(org.codehaus.groovy.runtime.callsite.CallSiteArray, int, java.lang.String) on public class org.codehaus.groovy.runtime.callsite.AbstractCallSite
	at org.aspectj.weaver.bcel.LazyMethodGen.<init>(LazyMethodGen.java:223)
	at org.aspectj.weaver.bcel.LazyClassGen.<init>(LazyClassGen.java:362)
	at org.aspectj.weaver.bcel.BcelObjectType.getLazyClassGen(BcelObjectType.java:563)
	at org.aspectj.weaver.bcel.BcelWeaver.weave(BcelWeaver.java:1706)
	at org.aspectj.weaver.bcel.BcelWeaver.weaveWithoutDump(BcelWeaver.java:1657)
	at org.aspectj.weaver.bcel.BcelWeaver.weaveAndNotify(BcelWeaver.java:1422)
	at org.aspectj.weaver.bcel.BcelWeaver.weave(BcelWeaver.java:1196)
	at org.aspectj.weaver.tools.WeavingAdaptor.getWovenBytes(WeavingAdaptor.java:551)
	at org.aspectj.weaver.tools.WeavingAdaptor.weaveClass(WeavingAdaptor.java:387)
	at org.aspectj.weaver.loadtime.Aj.preProcess(Aj.java:116)
	at org.aspectj.weaver.loadtime.ClassPreProcessorAgentAdapter.transform(ClassPreProcessorAgentAdapter.java:51)
	at sun.instrument.TransformerManager.transform(TransformerManager.java:188)
	at sun.instrument.InstrumentationImpl.transform(InstrumentationImpl.java:428)
	at java.lang.ClassLoader.defineClass1(Native Method)
	at java.lang.ClassLoader.defineClass(ClassLoader.java:756)
	at java.lang.ClassLoader.defineClass(ClassLoader.java:635)
	at org.codehaus.groovy.reflection.SunClassLoader.define(SunClassLoader.java:99)
	at org.codehaus.groovy.runtime.callsite.GroovySunClassLoader.loadAbstract(GroovySunClassLoader.java:74)
	at org.codehaus.groovy.runtime.callsite.GroovySunClassLoader.<init>(GroovySunClassLoader.java:55)
	at org.codehaus.groovy.runtime.callsite.GroovySunClassLoader.<init>(GroovySunClassLoader.java:50)
	at org.codehaus.groovy.runtime.callsite.GroovySunClassLoader.lambda$static$0(GroovySunClassLoader.java:41)
	at java.security.AccessController.doPrivileged(Native Method)
	at org.codehaus.groovy.vmplugin.v8.Java8.doPrivileged(Java8.java:628)
	at org.codehaus.groovy.runtime.callsite.GroovySunClassLoader.<clinit>(GroovySunClassLoader.java:38)
	at org.codehaus.groovy.runtime.callsite.CallSiteGenerator.isCompilable(CallSiteGenerator.java:252)
	at org.codehaus.groovy.reflection.CachedMethod.createStaticMetaMethodSite(CachedMethod.java:302)
	at org.codehaus.groovy.runtime.callsite.StaticMetaMethodSite.createStaticMetaMethodSite(StaticMetaMethodSite.java:114)
	at groovy.lang.MetaClassImpl.createStaticSite(MetaClassImpl.java:3595)
	at org.codehaus.groovy.runtime.callsite.CallSiteArray.createCallStaticSite(CallSiteArray.java:73)
	at org.codehaus.groovy.runtime.callsite.CallSiteArray.createCallSite(CallSiteArray.java:155)
	at org.codehaus.groovy.runtime.callsite.CallSiteArray.defaultCall(CallSiteArray.java:46)
	at org.codehaus.groovy.runtime.callsite.AbstractCallSite.call(AbstractCallSite.java:125)
	at org.codehaus.groovy.runtime.callsite.AbstractCallSite.call(AbstractCallSite.java:130)
	at io.restassured.internal.common.assertion.AssertParameter.notNull(AssertParameter.groovy:21)
	at io.restassured.config.SSLConfig.<init>(SSLConfig.java:192)
	at io.restassured.config.SSLConfig.<init>(SSLConfig.java:184)
	at io.restassured.config.RestAssuredConfig.<init>(RestAssuredConfig.java:41)
	at io.restassured.RestAssured.<clinit>(RestAssured.java:422)
	at eComerce.obtener_categorias(eComerce.java:76)
	at sun.reflect.NativeMethodAccessorImpl.invoke0(Native Method)
	at sun.reflect.NativeMethodAccessorImpl.invoke(NativeMethodAccessorImpl.java:62)
	at sun.reflect.DelegatingMethodAccessorImpl.invoke(DelegatingMethodAccessorImpl.java:43)
	at java.lang.reflect.Method.invoke(Method.java:498)
	at org.junit.platform.commons.util.ReflectionUtils.invokeMethod(ReflectionUtils.java:725)
	at org.junit.jupiter.engine.execution.MethodInvocation.proceed(MethodInvocation.java:60)
	at org.junit.jupiter.engine.execution.InvocationInterceptorChain$ValidatingInvocation.proceed(InvocationInterceptorChain.java:131)
	at org.junit.jupiter.api.extension.InvocationInterceptor.interceptTestMethod(InvocationInterceptor.java:118)
	at org.junit.jupiter.engine.execution.ExecutableInvoker$ReflectiveInterceptorCall.lambda$ofVoidMethod$0(ExecutableInvoker.java:115)
	at org.junit.jupiter.engine.execution.ExecutableInvoker.lambda$invoke$0(ExecutableInvoker.java:105)
	at org.junit.jupiter.engine.execution.InvocationInterceptorChain$InterceptedInvocation.proceed(InvocationInterceptorChain.java:106)
	at org.junit.jupiter.engine.extension.TimeoutExtension.intercept(TimeoutExtension.java:149)
	at org.junit.jupiter.engine.extension.TimeoutExtension.interceptTestableMethod(TimeoutExtension.java:140)
	at org.junit.jupiter.engine.extension.TimeoutExtension.interceptTestMethod(TimeoutExtension.java:84)
	at org.junit.jupiter.engine.execution.ExecutableInvoker$ReflectiveInterceptorCall.lambda$ofVoidMethod$0(ExecutableInvoker.java:115)
	at org.junit.jupiter.engine.execution.ExecutableInvoker.lambda$invoke$0(ExecutableInvoker.java:105)
	at org.junit.jupiter.engine.execution.InvocationInterceptorChain$InterceptedInvocation.proceed(InvocationInterceptorChain.java:106)
	at org.junit.jupiter.engine.execution.InvocationInterceptorChain.proceed(InvocationInterceptorChain.java:64)
	at org.junit.jupiter.engine.execution.InvocationInterceptorChain.chainAndInvoke(InvocationInterceptorChain.java:45)
	at org.junit.jupiter.engine.execution.InvocationInterceptorChain.invoke(InvocationInterceptorChain.java:37)
	at org.junit.jupiter.engine.execution.ExecutableInvoker.invoke(ExecutableInvoker.java:104)
	at org.junit.jupiter.engine.execution.ExecutableInvoker.invoke(ExecutableInvoker.java:98)
	at org.junit.jupiter.engine.descriptor.TestMethodTestDescriptor.lambda$invokeTestMethod$7(TestMethodTestDescriptor.java:214)
	at org.junit.platform.engine.support.hierarchical.ThrowableCollector.execute(ThrowableCollector.java:73)
	at org.junit.jupiter.engine.descriptor.TestMethodTestDescriptor.invokeTestMethod(TestMethodTestDescriptor.java:210)
	at org.junit.jupiter.engine.descriptor.TestMethodTestDescriptor.execute(TestMethodTestDescriptor.java:135)
	at org.junit.jupiter.engine.descriptor.TestMethodTestDescriptor.execute(TestMethodTestDescriptor.java:66)
	at org.junit.platform.engine.support.hierarchical.NodeTestTask.lambda$executeRecursively$6(NodeTestTask.java:151)
	at org.junit.platform.engine.support.hierarchical.ThrowableCollector.execute(ThrowableCollector.java:73)
	at org.junit.platform.engine.support.hierarchical.NodeTestTask.lambda$executeRecursively$8(NodeTestTask.java:141)
	at org.junit.platform.engine.support.hierarchical.Node.around(Node.java:137)
	at org.junit.platform.engine.support.hierarchical.NodeTestTask.lambda$executeRecursively$9(NodeTestTask.java:139)
	at org.junit.platform.engine.support.hierarchical.ThrowableCollector.execute(ThrowableCollector.java:73)
	at org.junit.platform.engine.support.hierarchical.NodeTestTask.executeRecursively(NodeTestTask.java:138)
	at org.junit.platform.engine.support.hierarchical.NodeTestTask.execute(NodeTestTask.java:95)
	at java.util.ArrayList.forEach(ArrayList.java:1259)
	at org.junit.platform.engine.support.hierarchical.SameThreadHierarchicalTestExecutorService.invokeAll(SameThreadHierarchicalTestExecutorService.java:41)
	at org.junit.platform.engine.support.hierarchical.NodeTestTask.lambda$executeRecursively$6(NodeTestTask.java:155)
	at org.junit.platform.engine.support.hierarchical.ThrowableCollector.execute(ThrowableCollector.java:73)
	at org.junit.platform.engine.support.hierarchical.NodeTestTask.lambda$executeRecursively$8(NodeTestTask.java:141)
	at org.junit.platform.engine.support.hierarchical.Node.around(Node.java:137)
	at org.junit.platform.engine.support.hierarchical.NodeTestTask.lambda$executeRecursively$9(NodeTestTask.java:139)
	at org.junit.platform.engine.support.hierarchical.ThrowableCollector.execute(ThrowableCollector.java:73)
	at org.junit.platform.engine.support.hierarchical.NodeTestTask.executeRecursively(NodeTestTask.java:138)
	at org.junit.platform.engine.support.hierarchical.NodeTestTask.execute(NodeTestTask.java:95)
	at java.util.ArrayList.forEach(ArrayList.java:1259)
	at org.junit.platform.engine.support.hierarchical.SameThreadHierarchicalTestExecutorService.invokeAll(SameThreadHierarchicalTestExecutorService.java:41)
	at org.junit.platform.engine.support.hierarchical.NodeTestTask.lambda$executeRecursively$6(NodeTestTask.java:155)
	at org.junit.platform.engine.support.hierarchical.ThrowableCollector.execute(ThrowableCollector.java:73)
	at org.junit.platform.engine.support.hierarchical.NodeTestTask.lambda$executeRecursively$8(NodeTestTask.java:141)
	at org.junit.platform.engine.support.hierarchical.Node.around(Node.java:137)
	at org.junit.platform.engine.support.hierarchical.NodeTestTask.lambda$executeRecursively$9(NodeTestTask.java:139)
	at org.junit.platform.engine.support.hierarchical.ThrowableCollector.execute(ThrowableCollector.java:73)
	at org.junit.platform.engine.support.hierarchical.NodeTestTask.executeRecursively(NodeTestTask.java:138)
	at org.junit.platform.engine.support.hierarchical.NodeTestTask.execute(NodeTestTask.java:95)
	at org.junit.platform.engine.support.hierarchical.SameThreadHierarchicalTestExecutorService.submit(SameThreadHierarchicalTestExecutorService.java:35)
	at org.junit.platform.engine.support.hierarchical.HierarchicalTestExecutor.execute(HierarchicalTestExecutor.java:57)
	at org.junit.platform.engine.support.hierarchical.HierarchicalTestEngine.execute(HierarchicalTestEngine.java:54)
	at org.junit.platform.launcher.core.EngineExecutionOrchestrator.execute(EngineExecutionOrchestrator.java:107)
	at org.junit.platform.launcher.core.EngineExecutionOrchestrator.execute(EngineExecutionOrchestrator.java:88)
	at org.junit.platform.launcher.core.EngineExecutionOrchestrator.lambda$execute$0(EngineExecutionOrchestrator.java:54)
	at org.junit.platform.launcher.core.EngineExecutionOrchestrator.withInterceptedStreams(EngineExecutionOrchestrator.java:67)
	at org.junit.platform.launcher.core.EngineExecutionOrchestrator.execute(EngineExecutionOrchestrator.java:52)
	at org.junit.platform.launcher.core.DefaultLauncher.execute(DefaultLauncher.java:114)
	at org.junit.platform.launcher.core.DefaultLauncher.execute(DefaultLauncher.java:86)
	at org.junit.platform.launcher.core.DefaultLauncherSession$DelegatingLauncher.execute(DefaultLauncherSession.java:86)
	at org.junit.platform.launcher.core.SessionPerRequestLauncher.execute(SessionPerRequestLauncher.java:53)
	at org.gradle.api.internal.tasks.testing.junitplatform.JUnitPlatformTestClassProcessor$CollectAllTestClassesExecutor.processAllTestClasses(JUnitPlatformTestClassProcessor.java:99)
	at org.gradle.api.internal.tasks.testing.junitplatform.JUnitPlatformTestClassProcessor$CollectAllTestClassesExecutor.access$000(JUnitPlatformTestClassProcessor.java:79)
	at org.gradle.api.internal.tasks.testing.junitplatform.JUnitPlatformTestClassProcessor.stop(JUnitPlatformTestClassProcessor.java:75)
	at org.gradle.api.internal.tasks.testing.SuiteTestClassProcessor.stop(SuiteTestClassProcessor.java:61)
	at sun.reflect.NativeMethodAccessorImpl.invoke0(Native Method)
	at sun.reflect.NativeMethodAccessorImpl.invoke(NativeMethodAccessorImpl.java:62)
	at sun.reflect.DelegatingMethodAccessorImpl.invoke(DelegatingMethodAccessorImpl.java:43)
	at java.lang.reflect.Method.invoke(Method.java:498)
	at org.gradle.internal.dispatch.ReflectionDispatch.dispatch(ReflectionDispatch.java:36)
	at org.gradle.internal.dispatch.ReflectionDispatch.dispatch(ReflectionDispatch.java:24)
	at org.gradle.internal.dispatch.ContextClassLoaderDispatch.dispatch(ContextClassLoaderDispatch.java:33)
	at org.gradle.internal.dispatch.ProxyDispatchAdapter$DispatchingInvocationHandler.invoke(ProxyDispatchAdapter.java:94)
	at com.sun.proxy.$Proxy2.stop(Unknown Source)
	at org.gradle.api.internal.tasks.testing.worker.TestWorker.stop(TestWorker.java:135)
	at sun.reflect.NativeMethodAccessorImpl.invoke0(Native Method)
	at sun.reflect.NativeMethodAccessorImpl.invoke(NativeMethodAccessorImpl.java:62)
	at sun.reflect.DelegatingMethodAccessorImpl.invoke(DelegatingMethodAccessorImpl.java:43)
	at java.lang.reflect.Method.invoke(Method.java:498)
	at org.gradle.internal.dispatch.ReflectionDispatch.dispatch(ReflectionDispatch.java:36)
	at org.gradle.internal.dispatch.ReflectionDispatch.dispatch(ReflectionDispatch.java:24)
	at org.gradle.internal.remote.internal.hub.MessageHubBackedObjectConnection$DispatchWrapper.dispatch(MessageHubBackedObjectConnection.java:182)
	at org.gradle.internal.remote.internal.hub.MessageHubBackedObjectConnection$DispatchWrapper.dispatch(MessageHubBackedObjectConnection.java:164)
	at org.gradle.internal.remote.internal.hub.MessageHub$Handler.run(MessageHub.java:414)
	at org.gradle.internal.concurrent.ExecutorPolicy$CatchAndRecordFailures.onExecute(ExecutorPolicy.java:64)
	at org.gradle.internal.concurrent.ManagedExecutorImpl$1.run(ManagedExecutorImpl.java:48)
	at java.util.concurrent.ThreadPoolExecutor.runWorker(ThreadPoolExecutor.java:1149)
	at java.util.concurrent.ThreadPoolExecutor$Worker.run(ThreadPoolExecutor.java:624)
	at org.gradle.internal.concurrent.ThreadFactoryImpl$ManagedThreadRunnable.run(ThreadFactoryImpl.java:56)
	at java.lang.Thread.run(Thread.java:748)

jul 02, 2022 8:18:08 PM org.aspectj.weaver.tools.Jdk14Trace info
INFORMACIÓN: Dumping to C:\Users\cynth\Documents\Proyectos\API\APIS-Junio2022\RestAssured\.\ajcore.20220702.201808.598.txt
]]></system-err>
</testsuite>
