<?xml version="1.0" encoding="UTF-8"?>
<testsuite name="eComerce" tests="21" skipped="0" failures="1" errors="0" timestamp="2022-07-07T09:47:04" hostname="MSI" time="30.501">
  <properties/>
  <testcase name="Test case 1: Obtener las categoras." classname="eComerce" time="3.304"/>
  <testcase name="Test case 2: Ver URLs de las categorÃ­as." classname="eComerce" time="0.248"/>
  <testcase name="Test case 3: Crear un usuario nuevo." classname="eComerce" time="0.953"/>
  <testcase name="Test case 4: Obtener mi usuario." classname="eComerce" time="2.299"/>
  <testcase name="Test case 5: Obtener token usando correo y contraseÃ±a" classname="eComerce" time="1.587"/>
  <testcase name="Test case 6: Obtener informaciÃ³n bÃ¡sica del usuario." classname="eComerce" time="0.613"/>
  <testcase name="Test case 7: Editar datos del usuario" classname="eComerce" time="0.809"/>
  <testcase name="Test case 8: Actualizar nÃºmero de telÃ©fono" classname="eComerce" time="0.723"/>
  <testcase name="Test case 9: Crear un anuncio." classname="eComerce" time="4.668"/>
  <testcase name="Test case 10: Ver los anuncios pendientes publicados" classname="eComerce" time="0.65"/>
  <testcase name="Test case 11: Editar un anuncio." classname="eComerce" time="3.844"/>
  <testcase name="Test case 12: Borrar un anuncio." classname="eComerce" time="2.053"/>
  <testcase name="Test case 13: Crear una nueva direcciÃ³n" classname="eComerce" time="0.372"/>
  <testcase name="Test case 14: Editar una direcciÃ³n." classname="eComerce" time="0.47"/>
  <testcase name="Test case 15: Eliminar direcciÃ³n previamente dada de alta" classname="eComerce" time="0.334">
    <failure message="org.opentest4j.AssertionFailedError: expected: &lt;200&gt; but was: &lt;500&gt;" type="org.opentest4j.AssertionFailedError">org.opentest4j.AssertionFailedError: expected: &lt;200&gt; but was: &lt;500&gt;
	at org.junit.jupiter.api.AssertionUtils.fail(AssertionUtils.java:55)
	at org.junit.jupiter.api.AssertionUtils.failNotEqual(AssertionUtils.java:62)
	at org.junit.jupiter.api.AssertEquals.assertEquals(AssertEquals.java:150)
	at org.junit.jupiter.api.AssertEquals.assertEquals(AssertEquals.java:145)
	at org.junit.jupiter.api.Assertions.assertEquals(Assertions.java:527)
	at eComerce.borrar_direccion(eComerce.java:603)
	at sun.reflect.NativeMethodAccessorImpl.invoke0(Native Method)
	at sun.reflect.NativeMethodAccessorImpl.invoke(NativeMethodAccessorImpl.java:62)
	at sun.reflect.DelegatingMethodAccessorImpl.invoke(DelegatingMethodAccessorImpl.java:43)
	at java.lang.reflect.Method.invoke(Method.java:498)
	at org.junit.platform.commons.util.ReflectionUtils.invokeMethod(ReflectionUtils.java:725)
	at org.junit.jupiter.engine.execution.MethodInvocation.proceed(MethodInvocation.java:60)
	at org.junit.jupiter.engine.execution.InvocationInterceptorChain$ValidatingInvocation.proceed(InvocationInterceptorChain.java:131)
	at org.junit.jupiter.api.extension.InvocationInterceptor.interceptTestMethod(InvocationInterceptor.java:118)
	at org.junit.jupiter.engine.execution.ExecutableInvoker$ReflectiveInterceptorCall.lambda$ofVoidMethod$0(ExecutableInvoker.java:115)
	at org.junit.jupiter.engine.execution.ExecutableInvoker.lambda$invoke$0(ExecutableInvoker.java:105)
	at org.junit.jupiter.engine.execution.InvocationInterceptorChain$InterceptedInvocation.proceed(InvocationInterceptorChain.java:106)
	at org.junit.jupiter.engine.extension.TimeoutExtension.intercept(TimeoutExtension.java:149)
	at org.junit.jupiter.engine.extension.TimeoutExtension.interceptTestableMethod(TimeoutExtension.java:140)
	at org.junit.jupiter.engine.extension.TimeoutExtension.interceptTestMethod(TimeoutExtension.java:84)
	at org.junit.jupiter.engine.execution.ExecutableInvoker$ReflectiveInterceptorCall.lambda$ofVoidMethod$0(ExecutableInvoker.java:115)
	at org.junit.jupiter.engine.execution.ExecutableInvoker.lambda$invoke$0(ExecutableInvoker.java:105)
	at org.junit.jupiter.engine.execution.InvocationInterceptorChain$InterceptedInvocation.proceed(InvocationInterceptorChain.java:106)
	at org.junit.jupiter.engine.execution.InvocationInterceptorChain.proceed(InvocationInterceptorChain.java:64)
	at org.junit.jupiter.engine.execution.InvocationInterceptorChain.chainAndInvoke(InvocationInterceptorChain.java:45)
	at org.junit.jupiter.engine.execution.InvocationInterceptorChain.invoke(InvocationInterceptorChain.java:37)
	at org.junit.jupiter.engine.execution.ExecutableInvoker.invoke(ExecutableInvoker.java:104)
	at org.junit.jupiter.engine.execution.ExecutableInvoker.invoke(ExecutableInvoker.java:98)
	at org.junit.jupiter.engine.descriptor.TestMethodTestDescriptor.lambda$invokeTestMethod$7(TestMethodTestDescriptor.java:214)
	at org.junit.platform.engine.support.hierarchical.ThrowableCollector.execute(ThrowableCollector.java:73)
	at org.junit.jupiter.engine.descriptor.TestMethodTestDescriptor.invokeTestMethod(TestMethodTestDescriptor.java:210)
	at org.junit.jupiter.engine.descriptor.TestMethodTestDescriptor.execute(TestMethodTestDescriptor.java:135)
	at org.junit.jupiter.engine.descriptor.TestMethodTestDescriptor.execute(TestMethodTestDescriptor.java:66)
	at org.junit.platform.engine.support.hierarchical.NodeTestTask.lambda$executeRecursively$6(NodeTestTask.java:151)
	at org.junit.platform.engine.support.hierarchical.ThrowableCollector.execute(ThrowableCollector.java:73)
	at org.junit.platform.engine.support.hierarchical.NodeTestTask.lambda$executeRecursively$8(NodeTestTask.java:141)
	at org.junit.platform.engine.support.hierarchical.Node.around(Node.java:137)
	at org.junit.platform.engine.support.hierarchical.NodeTestTask.lambda$executeRecursively$9(NodeTestTask.java:139)
	at org.junit.platform.engine.support.hierarchical.ThrowableCollector.execute(ThrowableCollector.java:73)
	at org.junit.platform.engine.support.hierarchical.NodeTestTask.executeRecursively(NodeTestTask.java:138)
	at org.junit.platform.engine.support.hierarchical.NodeTestTask.execute(NodeTestTask.java:95)
	at java.util.ArrayList.forEach(ArrayList.java:1259)
	at org.junit.platform.engine.support.hierarchical.SameThreadHierarchicalTestExecutorService.invokeAll(SameThreadHierarchicalTestExecutorService.java:41)
	at org.junit.platform.engine.support.hierarchical.NodeTestTask.lambda$executeRecursively$6(NodeTestTask.java:155)
	at org.junit.platform.engine.support.hierarchical.ThrowableCollector.execute(ThrowableCollector.java:73)
	at org.junit.platform.engine.support.hierarchical.NodeTestTask.lambda$executeRecursively$8(NodeTestTask.java:141)
	at org.junit.platform.engine.support.hierarchical.Node.around(Node.java:137)
	at org.junit.platform.engine.support.hierarchical.NodeTestTask.lambda$executeRecursively$9(NodeTestTask.java:139)
	at org.junit.platform.engine.support.hierarchical.ThrowableCollector.execute(ThrowableCollector.java:73)
	at org.junit.platform.engine.support.hierarchical.NodeTestTask.executeRecursively(NodeTestTask.java:138)
	at org.junit.platform.engine.support.hierarchical.NodeTestTask.execute(NodeTestTask.java:95)
	at java.util.ArrayList.forEach(ArrayList.java:1259)
	at org.junit.platform.engine.support.hierarchical.SameThreadHierarchicalTestExecutorService.invokeAll(SameThreadHierarchicalTestExecutorService.java:41)
	at org.junit.platform.engine.support.hierarchical.NodeTestTask.lambda$executeRecursively$6(NodeTestTask.java:155)
	at org.junit.platform.engine.support.hierarchical.ThrowableCollector.execute(ThrowableCollector.java:73)
	at org.junit.platform.engine.support.hierarchical.NodeTestTask.lambda$executeRecursively$8(NodeTestTask.java:141)
	at org.junit.platform.engine.support.hierarchical.Node.around(Node.java:137)
	at org.junit.platform.engine.support.hierarchical.NodeTestTask.lambda$executeRecursively$9(NodeTestTask.java:139)
	at org.junit.platform.engine.support.hierarchical.ThrowableCollector.execute(ThrowableCollector.java:73)
	at org.junit.platform.engine.support.hierarchical.NodeTestTask.executeRecursively(NodeTestTask.java:138)
	at org.junit.platform.engine.support.hierarchical.NodeTestTask.execute(NodeTestTask.java:95)
	at org.junit.platform.engine.support.hierarchical.SameThreadHierarchicalTestExecutorService.submit(SameThreadHierarchicalTestExecutorService.java:35)
	at org.junit.platform.engine.support.hierarchical.HierarchicalTestExecutor.execute(HierarchicalTestExecutor.java:57)
	at org.junit.platform.engine.support.hierarchical.HierarchicalTestEngine.execute(HierarchicalTestEngine.java:54)
	at org.junit.platform.launcher.core.EngineExecutionOrchestrator.execute(EngineExecutionOrchestrator.java:107)
	at org.junit.platform.launcher.core.EngineExecutionOrchestrator.execute(EngineExecutionOrchestrator.java:88)
	at org.junit.platform.launcher.core.EngineExecutionOrchestrator.lambda$execute$0(EngineExecutionOrchestrator.java:54)
	at org.junit.platform.launcher.core.EngineExecutionOrchestrator.withInterceptedStreams(EngineExecutionOrchestrator.java:67)
	at org.junit.platform.launcher.core.EngineExecutionOrchestrator.execute(EngineExecutionOrchestrator.java:52)
	at org.junit.platform.launcher.core.DefaultLauncher.execute(DefaultLauncher.java:114)
	at org.junit.platform.launcher.core.DefaultLauncher.execute(DefaultLauncher.java:86)
	at org.junit.platform.launcher.core.DefaultLauncherSession$DelegatingLauncher.execute(DefaultLauncherSession.java:86)
	at org.junit.platform.launcher.core.SessionPerRequestLauncher.execute(SessionPerRequestLauncher.java:53)
	at org.gradle.api.internal.tasks.testing.junitplatform.JUnitPlatformTestClassProcessor$CollectAllTestClassesExecutor.processAllTestClasses(JUnitPlatformTestClassProcessor.java:99)
	at org.gradle.api.internal.tasks.testing.junitplatform.JUnitPlatformTestClassProcessor$CollectAllTestClassesExecutor.access$000(JUnitPlatformTestClassProcessor.java:79)
	at org.gradle.api.internal.tasks.testing.junitplatform.JUnitPlatformTestClassProcessor.stop(JUnitPlatformTestClassProcessor.java:75)
	at org.gradle.api.internal.tasks.testing.SuiteTestClassProcessor.stop(SuiteTestClassProcessor.java:61)
	at sun.reflect.NativeMethodAccessorImpl.invoke0(Native Method)
	at sun.reflect.NativeMethodAccessorImpl.invoke(NativeMethodAccessorImpl.java:62)
	at sun.reflect.DelegatingMethodAccessorImpl.invoke(DelegatingMethodAccessorImpl.java:43)
	at java.lang.reflect.Method.invoke(Method.java:498)
	at org.gradle.internal.dispatch.ReflectionDispatch.dispatch(ReflectionDispatch.java:36)
	at org.gradle.internal.dispatch.ReflectionDispatch.dispatch(ReflectionDispatch.java:24)
	at org.gradle.internal.dispatch.ContextClassLoaderDispatch.dispatch(ContextClassLoaderDispatch.java:33)
	at org.gradle.internal.dispatch.ProxyDispatchAdapter$DispatchingInvocationHandler.invoke(ProxyDispatchAdapter.java:94)
	at com.sun.proxy.$Proxy2.stop(Unknown Source)
	at org.gradle.api.internal.tasks.testing.worker.TestWorker.stop(TestWorker.java:135)
	at sun.reflect.NativeMethodAccessorImpl.invoke0(Native Method)
	at sun.reflect.NativeMethodAccessorImpl.invoke(NativeMethodAccessorImpl.java:62)
	at sun.reflect.DelegatingMethodAccessorImpl.invoke(DelegatingMethodAccessorImpl.java:43)
	at java.lang.reflect.Method.invoke(Method.java:498)
	at org.gradle.internal.dispatch.ReflectionDispatch.dispatch(ReflectionDispatch.java:36)
	at org.gradle.internal.dispatch.ReflectionDispatch.dispatch(ReflectionDispatch.java:24)
	at org.gradle.internal.remote.internal.hub.MessageHubBackedObjectConnection$DispatchWrapper.dispatch(MessageHubBackedObjectConnection.java:182)
	at org.gradle.internal.remote.internal.hub.MessageHubBackedObjectConnection$DispatchWrapper.dispatch(MessageHubBackedObjectConnection.java:164)
	at org.gradle.internal.remote.internal.hub.MessageHub$Handler.run(MessageHub.java:414)
	at org.gradle.internal.concurrent.ExecutorPolicy$CatchAndRecordFailures.onExecute(ExecutorPolicy.java:64)
	at org.gradle.internal.concurrent.ManagedExecutorImpl$1.run(ManagedExecutorImpl.java:48)
	at java.util.concurrent.ThreadPoolExecutor.runWorker(ThreadPoolExecutor.java:1149)
	at java.util.concurrent.ThreadPoolExecutor$Worker.run(ThreadPoolExecutor.java:624)
	at org.gradle.internal.concurrent.ThreadFactoryImpl$ManagedThreadRunnable.run(ThreadFactoryImpl.java:56)
	at java.lang.Thread.run(Thread.java:748)
</failure>
  </testcase>
  <testcase name="Test case 16: Obtener el detalle del balance" classname="eComerce" time="0.366"/>
  <testcase name="Test case 17: Olvide mi contraseÃ±a." classname="eComerce" time="0.534"/>
  <testcase name="Test case 18: Buscar trabajo." classname="eComerce" time="4.019"/>
  <testcase name="Test case 19: BÃºsqueda de artÃ­culos" classname="eComerce" time="0.219"/>
  <testcase name="Test case 20: Mis ventas." classname="eComerce" time="1.286"/>
  <testcase name="Test case 21: Mis compras." classname="eComerce" time="1.073"/>
  <system-out><![CDATA[Request method:	GET
Request URI:	https://webapi.segundamano.mx/nga/api/v1.1/public/categories/filter?lang=es
Proxy:			<none>
Request params:	<none>
Query params:	lang=es
Form params:	<none>
Path params:	<none>
Headers:		Accept=*/*
Cookies:		<none>
Multiparts:		<none>
Body:			<none>
Time: 1305
Body Response: {"all_categories":{"color":"FFFFFF","icon":"http://www.segundamano.mx/img/nga/todas_las_categorias.png","label":"Todas las categorías"},"categories":[{"all_label":"Todas de la categoría","categories":[{"all_label":"Todas de la categoría","code":"1020","filter_value":{"keys":["category"],"values":["1020"]},"label":"Venta inmuebles"},{"all_label":"Todas de la categoría","code":"1040","filter_value":{"keys":["category"],"values":["1040"]},"label":"Renta inmuebles"},{"all_label":"Todas de la categoría","code":"1060","filter_value":{"keys":["category"],"values":["1060"]},"label":"Traspasos"},{"all_label":"Todas de la categoría","code":"1080","filter_value":{"keys":["category"],"values":["1080"]},"label":"Rentas vacacionales"},{"all_label":"Todas de la categoría","code":"1100","filter_value":{"keys":["category"],"values":["1100"]},"label":"Desarrollos inmobiliarios"}],"code":"1000","color":"FDE8DE","filter_value":{"keys":["category"],"values":["1000"]},"icon":"http://www.segundamano.mx/img/nga/inmuebles.png","label":"Inmuebles"},{"all_label":"Todas de la categoría","categories":[{"all_label":"Todas de la categoría","categories":[{"code":"2021","filter_value":{"keys":["category"],"values":["2021"]},"label":"Autos"},{"code":"2022","filter_value":{"keys":["category"],"values":["2022"]},"label":"Suv, Jeep y Van"},{"code":"2023","filter_value":{"keys":["category"],"values":["2023"]},"label":"Pick up"}],"code":"2020","filter_value":{"keys":["category"],"values":["2020"]},"label":"Automóviles y camionetas"},{"all_label":"Todas de la categoría","code":"2040","filter_value":{"keys":["category"],"values":["2040"]},"label":"Motocicletas"},{"all_label":"Todas de la categoría","categories":[{"code":"2121","filter_value":{"keys":["category"],"values":["2121"]},"label":"Autoestereos y sonido"},{"code":"2122","filter_value":{"keys":["category"],"values":["2122"]},"label":"Refacciones y otras"},{"code":"2123","filter_value":{"keys":["category"],"values":["2123"]},"label":"Rines y llantas"},{"code":"2124","filter_value":{"keys":["category"],"values":["2124"]},"label":"Remolques y cajas secas"}],"code":"2120","filter_value":{"keys":["category"],"values":["2120"]},"label":"Accesorios y piezas"},{"all_label":"Todas de la categoría","code":"2080","filter_value":{"keys":["category"],"values":["2080"]},"label":"Camiones, comerciales y casas rodantes"},{"all_label":"Todas de la categoría","code":"2060","filter_value":{"keys":["category"],"values":["2060"]},"label":"Náutica y aéreos"}],"code":"2000","color":"E1E1E1","filter_value":{"keys":["category"],"values":["2000"]},"icon":"http://www.segundamano.mx/img/nga/vehiculos.png","label":"Vehículos"},{"all_label":"Todas de la categoría","categories":[{"all_label":"Todas de la categoría","categories":[{"code":"5041","filter_value":{"keys":["category"],"values":["5041"]},"label":"Telefonía"},{"code":"5042","filter_value":{"keys":["category"],"values":["5042"]},"label":"Accesorios"}],"code":"5040","filter_value":{"keys":["category"],"values":["5040"]},"label":"Celulares y teléfonos"},{"all_label":"Todas de la categoría","code":"5080","filter_value":{"keys":["category"],"values":["5080"]},"label":"Audio, tv, video y fotografía"},{"all_label":"Todas de la categoría","categories":[{"code":"5021","filter_value":{"keys":["category"],"values":["5021"]},"label":"Laptops, PC y tabletas"},{"code":"5022","filter_value":{"keys":["category"],"values":["5022"]},"label":"Accesorios, juegos y programas"}],"code":"5020","filter_value":{"keys":["category"],"values":["5020"]},"label":"Computadoras y accesorios"},{"all_label":"Todas de la categoría","code":"5060","filter_value":{"keys":["category"],"values":["5060"]},"label":"Consolas y videojuegos"}],"code":"5000","color":"8ECBCD","filter_value":{"keys":["category"],"values":["5000"]},"icon":"http://www.segundamano.mx/img/nga/computadoras_y_electronica.png","label":"Computación y electrónica"},{"all_label":"Todas de la categoría","categories":[{"all_label":"Todas de la categoría","categories":[{"code":"3041","filter_value":{"keys":["category"],"values":["3041"]},"label":"Ventilación y calefacción"},{"code":"3042","filter_value":{"keys":["category"],"values":["3042"]},"label":"Utensilios de cocina"},{"code":"3043","filter_value":{"keys":["category"],"values":["3043"]},"label":"Electrodomésticos y línea blanca"},{"code":"3044","filter_value":{"keys":["category"],"values":["3044"]},"label":"Blancos, organización y limpieza"}],"code":"3040","filter_value":{"keys":["category"],"values":["3040"]},"label":"Todo para tu casa"},{"all_label":"Todas de la categoría","code":"3020","filter_value":{"keys":["category"],"values":["3020"]},"label":"Jardín, herramientas y exteriores"},{"all_label":"Todas de la categoría","categories":[{"code":"3061","filter_value":{"keys":["category"],"values":["3061"]},"label":"Vestidos, faldas, trajes"},{"code":"3062","filter_value":{"keys":["category"],"values":["3062"]},"label":"Zapatos"},{"code":"3063","filter_value":{"keys":["category"],"values":["3063"]},"label":"Playeras y camisas"},{"code":"3064","filter_value":{"keys":["category"],"values":["3064"]},"label":"Pantalones y shorts"},{"code":"3065","filter_value":{"keys":["category"],"values":["3065"]},"label":"Sweaters, abrigos y chamarras"},{"code":"3066","filter_value":{"keys":["category"],"values":["3066"]},"label":"Otras prendas de vestir"}],"code":"3060","filter_value":{"keys":["category"],"values":["3060"]},"label":"Ropa y calzado"},{"all_label":"Todas de la categoría","categories":[{"code":"3101","filter_value":{"keys":["category"],"values":["3101"]},"label":"Ropa, calzado y accesorios"},{"code":"3102","filter_value":{"keys":["category"],"values":["3102"]},"label":"Juguetes"},{"code":"3103","filter_value":{"keys":["category"],"values":["3103"]},"label":"Sillas y carriolas"},{"code":"3104","filter_value":{"keys":["category"],"values":["3104"]},"label":"Muebles y blancos"},{"code":"3105","filter_value":{"keys":["category"],"values":["3105"]},"label":"Cuidado y nutrición"}],"code":"3100","filter_value":{"keys":["category"],"values":["3100"]},"label":"Bebés y niños"},{"all_label":"Todas de la categoría","categories":[{"code":"3081","filter_value":{"keys":["category"],"values":["3081"]},"label":"Relojes"},{"code":"3082","filter_value":{"keys":["category"],"values":["3082"]},"label":"Joyas y bisutería"},{"code":"3083","filter_value":{"keys":["category"],"values":["3083"]},"label":"Bolsas, carteras y cinturones"},{"code":"3084","filter_value":{"keys":["category"],"values":["3084"]},"label":"Lentes, gorras y otros accesorios"}],"code":"3080","filter_value":{"keys":["category"],"values":["3080"]},"label":"Accesorios y joyería"},{"all_label":"Todas de la categoría","categories":[{"code":"3121","filter_value":{"keys":["category"],"values":["3121"]},"label":"Sala"},{"code":"3122","filter_value":{"keys":["category"],"values":["3122"]},"label":"Recámara"},{"code":"3123","filter_value":{"keys":["category"],"values":["3123"]},"label":"Comedor"},{"code":"3124","filter_value":{"keys":["category"],"values":["3124"]},"label":"Artículos de decoración"},{"code":"3125","filter_value":{"keys":["category"],"values":["3125"]},"label":"Otros muebles"}],"code":"3120","filter_value":{"keys":["category"],"values":["3120"]},"label":"Muebles y decoración"}],"code":"3000","color":"FDE8DE","filter_value":{"keys":["category"],"values":["3000"]},"icon":"http://www.segundamano.mx/img/nga/tu_hogar_y_tu.png","label":"Tu hogar y tú"},{"all_label":"Todas de la categoría","categories":[{"all_label":"Todas de la categoría","code":"6020","filter_value":{"keys":["category"],"values":["6020"]},"label":"Ofertas de empleo"},{"all_label":"Todas de la categoría","code":"6040","filter_value":{"keys":["category"],"values":["6040"]},"label":"Busco empleo"},{"all_label":"Todas de la categoría","code":"6060","filter_value":{"keys":["category"],"values":["6060"]},"label":"Educación"}],"code":"6000","color":"E1E1E1","filter_value":{"keys":["category"],"values":["6000"]},"icon":"http://www.segundamano.mx/img/nga/empleo_y_educacion.png","label":"Empleo y educación"},{"all_label":"Todas de la categoría","categories":[{"all_label":"Todas de la categoría","categories":[{"code":"4021","filter_value":{"keys":["category"],"values":["4021"]},"label":"Animales"},{"code":"4022","filter_value":{"keys":["category"],"values":["4022"]},"label":"Accesorios, cuidado y nutrición"}],"code":"4020","filter_value":{"keys":["category"],"values":["4020"]},"label":"Animales y mascotas"},{"all_label":"Todas de la categoría","categories":[{"code":"4041","filter_value":{"keys":["category"],"values":["4041"]},"label":"Ropa y calzado deportivo"},{"code":"4042","filter_value":{"keys":["category"],"values":["4042"]},"label":"Equipo, accesorios y hobbies"}],"code":"4040","filter_value":{"keys":["category"],"values":["4040"]},"label":"Deportes y hobbies"},{"all_label":"Todas de la categoría","code":"4060","filter_value":{"keys":["category"],"values":["4060"]},"label":"Instrumentos musicales"},{"all_label":"Todas de la categoría","code":"4100","filter_value":{"keys":["category"],"values":["4100"]},"label":"Coleccionismo"},{"all_label":"Todas de la categoría","code":"4080","filter_value":{"keys":["category"],"values":["4080"]},"label":"Música, libros y películas"},{"all_label":"Todas de la categoría","code":"4120","filter_value":{"keys":["category"],"values":["4120"]},"label":"Salud y belleza"},{"all_label":"Todas de la categoría","code":"4140","filter_value":{"keys":["category"],"values":["4140"]},"label":"Papelería, escolares y oficina"}],"code":"4000","color":"8ECBCD","filter_value":{"keys":["category"],"values":["4000"]},"icon":"http://www.segundamano.mx/img/nga/tiempo_libre.png","label":"Tiempo libre"},{"all_label":"Todas de la categoría","categories":[{"all_label":"Todas de la categoría","categories":[{"code":"8021","filter_value":{"keys":["category"],"values":["8021"]},"label":"Construcción"},{"code":"8022","filter_value":{"keys":["category"],"values":["8022"]},"label":"Diseño"},{"code":"8023","filter_value":{"keys":["category"],"values":["8023"]},"label":"Decoración de interiores"},{"code":"8024","filter_value":{"keys":["category"],"values":["8024"]},"label":"Remodelaciones"},{"code":"8025","filter_value":{"keys":["category"],"values":["8025"]},"label":"Jardinería"},{"code":"8026","filter_value":{"keys":["category"],"values":["8026"]},"label":"Persianas y pisos"},{"code":"8027","filter_value":{"keys":["category"],"values":["8027"]},"label":"Carpinteros"},{"code":"8028","filter_value":{"keys":["category"],"values":["8028"]},"label":"Electricista"},{"code":"8029","filter_value":{"keys":["category"],"values":["8029"]},"label":"Herrería"},{"code":"8030","filter_value":{"keys":["category"],"values":["8030"]},"label":"Albañiles"},{"code":"8031","filter_value":{"keys":["category"],"values":["8031"]},"label":"Plomero"},{"code":"8032","filter_value":{"keys":["category"],"values":["8032"]},"label":"Pintor"},{"code":"8033","filter_value":{"keys":["category"],"values":["8033"]},"label":"Limpieza"},{"code":"8034","filter_value":{"keys":["category"],"values":["8034"]},"label":"Mantenimiento de Inmuebles"}],"code":"8020","filter_value":{"keys":["category"],"values":["8020"]},"label":"Remodelaciones y mantenimiento"},{"all_label":"Todas de la categoría","categories":[{"code":"8041","filter_value":{"keys":["category"],"values":["8041"]},"label":"Arquitectos"},{"code":"8042","filter_value":{"keys":["category"],"values":["8042"]},"label":"Abogados"},{"code":"8043","filter_value":{"keys":["category"],"values":["8043"]},"label":"Contadores"},{"code":"8044","filter_value":{"keys":["category"],"values":["8044"]},"label":"Administración"},{"code":"8045","filter_value":{"keys":["category"],"values":["8045"]},"label":"Más profesionales"}],"code":"8040","filter_value":{"keys":["category"],"values":["8040"]},"label":"Profesionales"},{"all_label":"Todas de la categoría","categories":[{"code":"8061","filter_value":{"keys":["category"],"values":["8061"]},"label":"Equipo ligero"},{"code":"8062","filter_value":{"keys":["category"],"values":["8062"]},"label":"Grúas"},{"code":"8063","filter_value":{"keys":["category"],"values":["8063"]},"label":"Maquinaria y equipo pesado"}],"code":"8060","filter_value":{"keys":["category"],"values":["8060"]},"label":"Renta de maquinaria y equipo"},{"all_label":"Todas de la categoría","categories":[{"code":"8081","filter_value":{"keys":["category"],"values":["8081"]},"label":"Celulares"},{"code":"8082","filter_value":{"keys":["category"],"values":["8082"]},"label":"Computadoras y laptops"},{"code":"8083","filter_value":{"keys":["category"],"values":["8083"]},"label":"Línea Blanca"},{"code":"8084","filter_value":{"keys":["category"],"values":["8084"]},"label":"Aire acondicionado"},{"code":"8085","filter_value":{"keys":["category"],"values":["8085"]},"label":"Equipos industriales"},{"code":"8086","filter_value":{"keys":["category"],"values":["8086"]},"label":"Otros equipos electrónicos"}],"code":"8080","filter_value":{"keys":["category"],"values":["8080"]},"label":"Reparación de equipo"},{"all_label":"Todas de la categoría","code":"8100","filter_value":{"keys":["category"],"values":["8100"]},"label":"Internet y Comunicaciones"},{"all_label":"Todas de la categoría","categories":[{"code":"8121","filter_value":{"keys":["category"],"values":["8121"]},"label":"Mudanzas y fletes"},{"code":"8122","filter_value":{"keys":["category"],"values":["8122"]},"label":"Transporte de pasajeros"}],"code":"8120","filter_value":{"keys":["category"],"values":["8120"]},"label":"Transportes"},{"all_label":"Todas de la categoría","categories":[{"code":"8141","filter_value":{"keys":["category"],"values":["8141"]},"label":"Foto y video"},{"code":"8142","filter_value":{"keys":["category"],"values":["8142"]},"label":"Salon de eventos"},{"code":"8143","filter_value":{"keys":["category"],"values":["8143"]},"label":"Organización de eventos"},{"code":"8144","filter_value":{"keys":["category"],"values":["8144"]},"label":"Comida para fiestas"},{"code":"8145","filter_value":{"keys":["category"],"values":["8145"]},"label":"Alquiler de Equipamiento"},{"code":"8146","filter_value":{"keys":["category"],"values":["8146"]},"label":"Música para eventos"}],"code":"8140","filter_value":{"keys":["category"],"values":["8140"]},"label":"Eventos"},{"all_label":"Todas de la categoría","categories":[{"code":"8161","filter_value":{"keys":["category"],"values":["8161"]},"label":"Taller Mecánico"},{"code":"8162","filter_value":{"keys":["category"],"values":["8162"]},"label":"Hojalatería y pintura"},{"code":"8163","filter_value":{"keys":["category"],"values":["8163"]},"label":"Autolavado"}],"code":"8160","filter_value":{"keys":["category"],"values":["8160"]},"label":"Mantenimiento de Autos"},{"all_label":"Todas de la categoría","categories":[{"code":"8181","filter_value":{"keys":["category"],"values":["8181"]},"label":"Peluquería"},{"code":"8182","filter_value":{"keys":["category"],"values":["8182"]},"label":"Depilación"},{"code":"8183","filter_value":{"keys":["category"],"values":["8183"]},"label":"Manicura y Pedicura"},{"code":"8184","filter_value":{"keys":["category"],"values":["8184"]},"label":"Maquillaje"},{"code":"8185","filter_value":{"keys":["category"],"values":["8185"]},"label":"Masajes y Spa"}],"code":"8180","filter_value":{"keys":["category"],"values":["8180"]},"label":"Cuidado personal, belleza y estética"},{"all_label":"Todas de la categoría","categories":[{"code":"8201","filter_value":{"keys":["category"],"values":["8201"]},"label":"Diseño gráfico y digital"},{"code":"8202","filter_value":{"keys":["category"],"values":["8202"]},"label":"Imprenta"},{"code":"8203","filter_value":{"keys":["category"],"values":["8203"]},"label":"Promocionales"}],"code":"8200","filter_value":{"keys":["category"],"values":["8200"]},"label":"Publicidad"},{"all_label":"Todas de la categoría","categories":[{"code":"8221","filter_value":{"keys":["category"],"values":["8221"]},"label":"Veterinarias"},{"code":"8222","filter_value":{"keys":["category"],"values":["8222"]},"label":"Paseadores y cuidadores"},{"code":"8223","filter_value":{"keys":["category"],"values":["8223"]},"label":"Estética canina"}],"code":"8220","filter_value":{"keys":["category"],"values":["8220"]},"label":"Servicios para mascota"},{"all_label":"Todas de la categoría","categories":[{"code":"8241","filter_value":{"keys":["category"],"values":["8241"]},"label":"Accesorios y servicios funerarios"},{"code":"8242","filter_value":{"keys":["category"],"values":["8242"]},"label":"Fabricación"},{"code":"8243","filter_value":{"keys":["category"],"values":["8243"]},"label":"Varios"}],"code":"8240","filter_value":{"keys":["category"],"values":["8240"]},"label":"Otros Servicios"}],"code":"8000","color":"FDE8DE","filter_value":{"keys":["category"],"values":["8000"]},"icon":"http://www.segundamano.mx/img/nga/servicios.png","label":"Servicios"},{"all_label":"Todas de la categoría","categories":[{"all_label":"Todas de la categoría","code":"9020","filter_value":{"keys":["category"],"values":["9020"]},"label":"Venta y Traspasos"},{"all_label":"Todas de la categoría","categories":[{"code":"9041","filter_value":{"keys":["category"],"values":["9041"]},"label":"Alimentos"},{"code":"9042","filter_value":{"keys":["category"],"values":["9042"]},"label":"Mobiliario"},{"code":"9043","filter_value":{"keys":["category"],"values":["9043"]},"label":"Industrial"}],"code":"9040","filter_value":{"keys":["category"],"values":["9040"]},"label":"Equipamiento e Insumos"}],"code":"9000","color":"FDE8DE","filter_value":{"keys":["category"],"values":["9000"]},"icon":"http://www.segundamano.mx/img/nga/negocios_y_servicios.png","label":"Negocios e Industria"}]}
Header: Server=nginx
Content-Type=application/json; charset=utf-8
Vary=Accept-Encoding
X-SCM-API-Version=1.1
Cache-Control=max-age=31536000
ETag=W/"454f075aee4dc3c414ec981431530f58"
Date=Tue, 05 Jul 2022 21:22:53 GMT
X-Frame-Options=DENY
Content-Encoding=gzip
Via=1.1 google
Alt-Svc=h3=":443"; ma=2592000,h3-29=":443"; ma=2592000
Transfer-Encoding=chunked
Request method:	POST
Request URI:	https://webapi.segundamano.mx/urls/v1/public/ad-listing?lang=es
Proxy:			<none>
Request params:	<none>
Query params:	lang=es
Form params:	<none>
Path params:	<none>
Headers:		Accept=*/*
				Content-Type=text/plain; charset=ISO-8859-1
Cookies:		<none>
Multiparts:		<none>
Body:
{"filters":[{"category":"1000"},{"category":"1020"},{"category":"1040"},{"category":"1060"},{"category":"1080"},{"category":"2000"},{"category":"2020"},{"category":"2040"},{"category":"2120"},{"category":"2080"},{"category":"2060"},{"category":"5000"},{"category":"5040"},{"category":"5080"},{"category":"5020"},{"category":"5060"},{"category":"3000"},{"category":"3040"},{"category":"3020"},{"category":"3060"},{"category":"3100"},{"category":"3080"},{"category":"3120"},{"category":"6000"},{"category":"6020"},{"category":"6040"},{"category":"6060"},{"category":"4000"},{"category":"4020"},{"category":"4040"},{"category":"4060"},{"category":"4100"},{"category":"4080"},{"category":"4120"},{"category":"4140"},{"category":"8000"},{"category":"8020"},{"category":"8040"},{"category":"8060"},{"category":"8080"},{"category":"8100"},{"category":"8120"},{"category":"8140"},{"category":"8160"},{"category":"8180"},{"category":"8200"},{"category":"8220"},{"category":"8240"},{"category":"9000"},{"category":"9020"},{"category":"9040"}]}
Body Response: {"data":{"urls":["/anuncios/mexico/inmuebles","/anuncios/mexico/venta-inmuebles","/anuncios/mexico/renta-inmuebles","/anuncios/mexico/traspasos","/anuncios/mexico/rentas-vacacionales","/anuncios/mexico/vehiculos","/anuncios/mexico/autos-y-camionetas","/anuncios/mexico/motocicletas","/anuncios/mexico/accesorios-y-piezas-para-autos","/anuncios/mexico/camiones-comerciales-y-casas-rodantes","/anuncios/mexico/nautica-y-aereos","/anuncios/mexico/computacion-y-electronica","/anuncios/mexico/celulares-y-telefonos","/anuncios/mexico/audio-tv-video-y-fotografia","/anuncios/mexico/computadoras-y-accesorios","/anuncios/mexico/consolas-y-videojuegos","/anuncios/mexico/tu-hogar-y-tu","/anuncios/mexico/todo-para-tu-casa","/anuncios/mexico/jardin-herramientas-y-exteriores","/anuncios/mexico/ropa-y-calzado","/anuncios/mexico/bebes-y-ninos","/anuncios/mexico/accesorios-y-joyeria","/anuncios/mexico/muebles-y-decoracion","/anuncios/mexico/empleo-y-educacion","/anuncios/mexico/ofertas-de-empleo","/anuncios/mexico/busco-empleo","/anuncios/mexico/educacion","/anuncios/mexico/tiempo-libre","/anuncios/mexico/animales-y-mascotas","/anuncios/mexico/deportes-y-hobbies","/anuncios/mexico/instrumentos-musicales","/anuncios/mexico/coleccionismo","/anuncios/mexico/musica-libros-y-peliculas","/anuncios/mexico/salud-y-belleza","/anuncios/mexico/papeleria-escolares-y-oficina","/anuncios/mexico/servicios","/anuncios/mexico/remodelaciones-y-mantenimiento","/anuncios/mexico/profesionales","/anuncios/mexico/renta-de-maquinaria-y-equipo","/anuncios/mexico/reparacion-de-equipo","/anuncios/mexico/internet-y-comunicaciones","/anuncios/mexico/transportes","/anuncios/mexico/eventos","/anuncios/mexico/mantenimiento-de-autos","/anuncios/mexico/cuidado-personal-belleza-y-estetica","/anuncios/mexico/publicidad","/anuncios/mexico/servicios-para-mascota","/anuncios/mexico/otros-servicios","/anuncios/mexico/negocios-e-industria","/anuncios/mexico/venta-y-traspasos","/anuncios/mexico/equipamiento-e-insumos"]}}

Headers: Server=nginx
Date=Thu, 07 Jul 2022 09:47:15 GMT
Content-Type=application/json; charset=utf-8
Vary=Accept-Encoding
X-Frame-Options=DENY
Content-Encoding=gzip
Via=1.1 google
Alt-Svc=h3=":443"; ma=2592000,h3-29=":443"; ma=2592000
Transfer-Encoding=chunked
Time: 176
Request method:	POST
Request URI:	https://webapi.segundamano.mx/nga/api/v1.1/private/accounts?lang=es
Proxy:			<none>
Request params:	<none>
Query params:	lang=es
Form params:	<none>
Path params:	<none>
Headers:		Authorization=Basic YWdlbnRlX3ZlbnRhczQ3MjEuMEBtYWlsaW5hdG9yLmNvbTo1NDU3MS4xNjQ3MTYzODA0NQ==
				Accept=*/*
				Content-Type=application/json
Cookies:		<none>
Multiparts:		<none>
Body:
{
    "account": {
        "email": "agente_ventas4721.0@mailinator.com"
    }
}
Body Response: {"error":{"code":"ACCOUNT_VERIFICATION_REQUIRED"}}
Request method:	POST
Request URI:	https://webapi.segundamano.mx/nga/api/v1.1/private/accounts?lang=es
Proxy:			<none>
Request params:	<none>
Query params:	lang=es
Form params:	<none>
Path params:	<none>
Headers:		Authorization=Basic dGVzdDFfYWdlbnRlQG1haWxpbmF0b3IuY29tOjEyMzQ1Ng==
				Accept=*/*
				Content-Type=application/x-www-form-urlencoded; charset=ISO-8859-1
Cookies:		<none>
Multiparts:		<none>
Body:			<none>
Body Response: {"access_token":"mc1x2f608a8e4c504dd587c0674a9a2d70defb810088_v2","account":{"account_id":"/private/accounts/11686178","can_publish":true,"email":"test1_agente@mailinator.com","email_verified":true,"locations":[],"name":"agente_ventas4636.0","phone":"1302220638","phone_hidden":false,"professional":false,"rfc":"","uuid":"d89b3d75-6e0f-49be-a5eb-81ad90835e68"},"ad_events":{"24h":{"calls":0,"mails":0,"phone_views":0,"views":0},"7d":{"calls":0,"mails":0,"phone_views":0,"views":0},"total":{"calls":0,"mails":0,"phone_views":0,"views":0}},"token_type":"tag:scmcoord.com,2013:api"}
Headers: Server=nginx
Date=Thu, 07 Jul 2022 09:47:18 GMT
Content-Type=application/json; charset=utf-8
Vary=Accept-Encoding
X-SCM-API-Version=1.1
X-Frame-Options=DENY
Content-Encoding=gzip
Via=1.1 google
Alt-Svc=h3=":443"; ma=2592000,h3-29=":443"; ma=2592000
Transfer-Encoding=chunked
AccessToken: mc1x2f608a8e4c504dd587c0674a9a2d70defb810088_v2
Time: 1410
Request method:	POST
Request URI:	https://webapi.segundamano.mx/nga/api/v1.1/private/accounts?lang=es
Proxy:			<none>
Request params:	<none>
Query params:	lang=es
Form params:	<none>
Path params:	<none>
Headers:		Authorization=Basic dGVzdDFfYWdlbnRlQG1haWxpbmF0b3IuY29tOjEyMzQ1Ng==
				Accept=*/*
				Content-Type=application/x-www-form-urlencoded; charset=ISO-8859-1
Cookies:		<none>
Multiparts:		<none>
Body:			<none>
{
    "access_token": "mc1xa0b6e1974499af95831c5c3ae1953f4c13f1901d_v2",
    "account": {
        "account_id": "/private/accounts/11686178",
        "can_publish": true,
        "email": "test1_agente@mailinator.com",
        "email_verified": true,
        "locations": [
            
        ],
        "name": "agente_ventas4636.0",
        "phone": "1302220638",
        "phone_hidden": false,
        "professional": false,
        "rfc": "",
        "uuid": "d89b3d75-6e0f-49be-a5eb-81ad90835e68"
    },
    "ad_events": {
        "24h": {
            "calls": 0,
            "mails": 0,
            "phone_views": 0,
            "views": 0
        },
        "7d": {
            "calls": 0,
            "mails": 0,
            "phone_views": 0,
            "views": 0
        },
        "total": {
            "calls": 0,
            "mails": 0,
            "phone_views": 0,
            "views": 0
        }
    },
    "token_type": "tag:scmcoord.com,2013:api"
}
Body Response: {
    "access_token": "mc1xa0b6e1974499af95831c5c3ae1953f4c13f1901d_v2",
    "account": {
        "account_id": "/private/accounts/11686178",
        "can_publish": true,
        "email": "test1_agente@mailinator.com",
        "email_verified": true,
        "locations": [
            
        ],
        "name": "agente_ventas4636.0",
        "phone": "1302220638",
        "phone_hidden": false,
        "professional": false,
        "rfc": "",
        "uuid": "d89b3d75-6e0f-49be-a5eb-81ad90835e68"
    },
    "ad_events": {
        "24h": {
            "calls": 0,
            "mails": 0,
            "phone_views": 0,
            "views": 0
        },
        "7d": {
            "calls": 0,
            "mails": 0,
            "phone_views": 0,
            "views": 0
        },
        "total": {
            "calls": 0,
            "mails": 0,
            "phone_views": 0,
            "views": 0
        }
    },
    "token_type": "tag:scmcoord.com,2013:api"
}
Headers: Server=nginx
Date=Thu, 07 Jul 2022 09:47:20 GMT
Content-Type=application/json; charset=utf-8
Vary=Accept-Encoding
X-SCM-API-Version=1.1
X-Frame-Options=DENY
Content-Encoding=gzip
Via=1.1 google
Alt-Svc=h3=":443"; ma=2592000,h3-29=":443"; ma=2592000
Transfer-Encoding=chunked
status response: 200
time response: 1456
AccessToken: mc1xa0b6e1974499af95831c5c3ae1953f4c13f1901d_v2
Access token: mc1xa0b6e1974499af95831c5c3ae1953f4c13f1901d_v2
Account id: /private/accounts/11686178
uuid: d89b3d75-6e0f-49be-a5eb-81ad90835e68
Request method:	GET
Request URI:	https://webapi.segundamano.mx/nga/api/v1%2F%2Fprivate/accounts/11686178?lang=es
Proxy:			<none>
Request params:	<none>
Query params:	lang=es
Form params:	<none>
Path params:	<none>
Headers:		Authorization=tag:scmcoord.com,2013:api mc1xa0b6e1974499af95831c5c3ae1953f4c13f1901d_v2
				Accept=*/*
				Content-Type=application/json
Cookies:		<none>
Multiparts:		<none>
Body:			<none>
Body Response: {"account":{"account_id":"/private/accounts/11686178","can_publish":true,"email":"test1_agente@mailinator.com","email_verified":true,"locations":[],"name":"agente_ventas4636.0","phone":"1302220638","phone_hidden":false,"professional":false,"rfc":"","uuid":"d89b3d75-6e0f-49be-a5eb-81ad90835e68"}}
Request method:	PATCH
Request URI:	https://webapi.segundamano.mx/nga/api/v1/private/accounts/11686178?lang=es
Proxy:			<none>
Request params:	<none>
Query params:	lang=es
Form params:	<none>
Path params:	<none>
Headers:		Authorization=tag:scmcoord.com,2013:api mc1xa0b6e1974499af95831c5c3ae1953f4c13f1901d_v2
				Accept=*/*
				Content-Type=application/json
Cookies:		<none>
Multiparts:		<none>
Body:
{
    "account": {
        "name": "Paloma Cabeza de Vaca",
        "phone": "5323034487",
        "locations": [
            {
                "code": "8",
                "key": "region",
                "label": "Colima",
                "locations": [
                    {
                        "code": "110",
                        "key": "municipality",
                        "label": "TecomÃ¡n"
                    }
                ]
            }
        ],
        "professional": false,
        "phone_hidden": false
    }
}
Body Response: {"account":{"account_id":"/private/accounts/11686178","can_publish":true,"email":"test1_agente@mailinator.com","email_verified":true,"locations":[{"code":"8","key":"region","label":"Colima","locations":[{"code":"110","key":"municipality","label":"Tecomán"}]}],"name":"Paloma Cabeza de Vaca","phone":"5323034487","phone_hidden":false,"professional":false,"rfc":"","uuid":"d89b3d75-6e0f-49be-a5eb-81ad90835e68"}}
Request method:	PATCH
Request URI:	https://webapi.segundamano.mx/nga/api/v1/private/accounts/11686178?lang=es
Proxy:			<none>
Request params:	<none>
Query params:	lang=es
Form params:	<none>
Path params:	<none>
Headers:		Accept=application/json, text/plain, */*
				Authorization=tag:scmcoord.com,2013:api mc1xa0b6e1974499af95831c5c3ae1953f4c13f1901d_v2
				Content-Type=application/json
Cookies:		<none>
Multiparts:		<none>
Body:
{
    "account": {
        "name": "agente_ventas4721.0@mailinator.com",
        "phone": "1532508014",
        "professional": false
    }
}
Body Response: {"account":{"account_id":"/private/accounts/11686178","can_publish":true,"email":"test1_agente@mailinator.com","email_verified":true,"locations":[],"name":"agente_ventas4721.0","phone":"1532508014","phone_hidden":false,"professional":false,"rfc":"","uuid":"d89b3d75-6e0f-49be-a5eb-81ad90835e68"}}
Telefono: 1532508014
Telefono request: 1532508014
Request method:	POST
Request URI:	https://webapi.segundamano.mx/nga/api/v1.1/private/accounts?lang=es
Proxy:			<none>
Request params:	<none>
Query params:	lang=es
Form params:	<none>
Path params:	<none>
Headers:		Authorization=Basic dGVzdDFfYWdlbnRlQG1haWxpbmF0b3IuY29tOjEyMzQ1Ng==
				Accept=*/*
				Content-Type=application/x-www-form-urlencoded; charset=ISO-8859-1
Cookies:		<none>
Multiparts:		<none>
Body:			<none>
Body Response: {"access_token":"mc1x64573a7746531b8e5534ba49f905df0799bb116b_v2","account":{"account_id":"/private/accounts/11686178","can_publish":true,"email":"test1_agente@mailinator.com","email_verified":true,"locations":[],"name":"agente_ventas4721.0","phone":"1532508014","phone_hidden":false,"professional":false,"rfc":"","uuid":"d89b3d75-6e0f-49be-a5eb-81ad90835e68"},"ad_events":{"24h":{"calls":0,"mails":0,"phone_views":0,"views":0},"7d":{"calls":0,"mails":0,"phone_views":0,"views":0},"total":{"calls":0,"mails":0,"phone_views":0,"views":0}},"token_type":"tag:scmcoord.com,2013:api"}
AccessToken: mc1x64573a7746531b8e5534ba49f905df0799bb116b_v2
Access token: mc1x64573a7746531b8e5534ba49f905df0799bb116b_v2
Account id: /private/accounts/11686178
uuid: d89b3d75-6e0f-49be-a5eb-81ad90835e68
Token 2: ZDg5YjNkNzUtNmUwZi00OWJlLWE1ZWItODFhZDkwODM1ZTY4Om1jMXg2NDU3M2E3NzQ2NTMxYjhlNTUzNGJhNDlmOTA1ZGYwNzk5YmIxMTZiX3Yy
Endpoint: https://webapi.segundamano.mx/v2/accounts/d89b3d75-6e0f-49be-a5eb-81ad90835e68/upRequest method:	POST
Request URI:	https://webapi.segundamano.mx/v2/accounts/d89b3d75-6e0f-49be-a5eb-81ad90835e68/up
Proxy:			<none>
Request params:	<none>
Query params:	<none>
Form params:	<none>
Path params:	<none>
Headers:		Authorization=Basic ZDg5YjNkNzUtNmUwZi00OWJlLWE1ZWItODFhZDkwODM1ZTY4Om1jMXg2NDU3M2E3NzQ2NTMxYjhlNTUzNGJhNDlmOTA1ZGYwNzk5YmIxMTZiX3Yy
				Accept=application/json, text/plain, */*
				x-source=PHOENIX_DESKTOP
				Content-Type=application/json
Cookies:		<none>
Multiparts:		<none>
Body:
{
    "category": "8121",
    "subject": "Mudanzas y fletes baratos Junio",
    "body": "Si estas buscando una mudanza barata, esta es tu opciÃ³n. Tenemos cobertura en todo el paÃ­s",
    "region": "5",
    "municipality": "51",
    "area": "140000",
    "price": "1",
    "phone_hidden": "true",
    "show_phone": "false",
    "contact_phone": "5544345678"
}
Body Response: {"data":{"ad":{"ad_id":"74194749","subject":"Mudanzas y fletes baratos Junio","category":{"code":"8121","label":"Mudanzas y fletes","parent":{"code":"8120","label":"Transportes","parent":{"code":"8000","label":"Servicios"}}},"region":{"code":"5","label":"Baja California Sur"},"municipality":{"code":"51","label":"Comondú"},"area":{"code":"140000","label":"Otra"},"price":{"currency":"MXN","value":1}},"payment_info":{"payment_required":false,"title":"¡Vende más rápido con los Productos Premium!","description":"Elige la opción que mejor se ajuste a tus necesidades","products":[{"id":"serv_free","name":"Anuncio básico","label":"Anuncio con exposición regular, tendrás menos visitas","description":"Anuncio con exposición regular, tendrás menos visitas","price":0,"most_popular":false,"active":true,"payment_methods":["pay_method_tokens"]},{"id":"serv_daily","name":"Subir Diario","label":"Recibe hasta 5 veces más contactos en 7 días","description":"","price":120,"credits":120,"most_popular":false,"active":true,"payment_methods":["pay_method_credit","pay_method_points","pay_method_oxxo","pay_method_paypal"]},{"id":"serv_premiumpackage_2","name":"Subir diario y Posición principal","label":"Recibe hasta 12 veces más contactos","description":"Sube tu anuncio todos los días durante 7 días y pon tu anuncio en la primera posición durante 3 días","price":220,"credits":220,"most_popular":true,"active":true,"tag":{"slug":"tag_recommended","name":"RECOMENDADO"},"payment_methods":["pay_method_credit","pay_method_points","pay_method_oxxo","pay_method_paypal"]}]}}}
ad_id: 74194749
Request method:	GET
Request URI:	https://webapi.segundamano.mx/nga/api/v1/private/accounts/11686178/klfst?status=pending&lim=10&o=0&query=&lang=es
Proxy:			<none>
Request params:	<none>
Query params:	status=pending
				lim=10
				o=0
				query=
				lang=es
Form params:	<none>
Path params:	<none>
Headers:		Authorization=tag:scmcoord.com,2013:api mc1x64573a7746531b8e5534ba49f905df0799bb116b_v2
				Accept=*/*
Cookies:		<none>
Multiparts:		<none>
Body:			<none>
Body Response: {"counter_map":{"all":8,"pending":8},"private_ads":[{"ad":{"ad_id":"/private/accounts/11686178/ads/74194749","category":{"code":"8121","color":"FDE8DE","icon":"http://www.segundamano.mx/img/nga/servicios.png","label":"Mudanzas y fletes"},"subject":"Mudanzas y fletes baratos Junio"},"labelmap":{"category":"Categoría","subject":"Título"},"statistics":{"total":{"calls":0,"mails":0,"phone_views":0,"views":0}}},{"ad":{"ad_id":"/private/accounts/11686178/ads/74194747","category":{"code":"6040","color":"E1E1E1","icon":"http://www.segundamano.mx/img/nga/empleo_y_educacion.png","label":"Busco empleo"},"subject":"Busco trabajo medio tiempo 6 niÃ±os"},"labelmap":{"category":"Categoría","subject":"Título"},"statistics":{"total":{"calls":0,"mails":0,"phone_views":0,"views":0}}},{"ad":{"ad_id":"/private/accounts/11686178/ads/74194746","category":{"code":"8121","color":"FDE8DE","icon":"http://www.segundamano.mx/img/nga/servicios.png","label":"Mudanzas y fletes"},"subject":"Mudanzas y fletes baratos Julio"},"labelmap":{"category":"Categoría","subject":"Título"},"statistics":{"total":{"calls":0,"mails":0,"phone_views":0,"views":0}}},{"ad":{"ad_id":"/private/accounts/11686178/ads/74194709","category":{"code":"6040","color":"E1E1E1","icon":"http://www.segundamano.mx/img/nga/empleo_y_educacion.png","label":"Busco empleo"},"subject":"Busco trabajo medio tiempo 6 niÃ±os"},"labelmap":{"category":"Categoría","subject":"Título"},"statistics":{"total":{"calls":0,"mails":0,"phone_views":0,"views":0}}},{"ad":{"ad_id":"/private/accounts/11686178/ads/74194705","category":{"code":"8121","color":"FDE8DE","icon":"http://www.segundamano.mx/img/nga/servicios.png","label":"Mudanzas y fletes"},"subject":"Mudanzas y fletes baratos Julio"},"labelmap":{"category":"Categoría","subject":"Título"},"statistics":{"total":{"calls":0,"mails":0,"phone_views":0,"views":0}}},{"ad":{"ad_id":"/private/accounts/11686178/ads/74194682","category":{"code":"6040","color":"E1E1E1","icon":"http://www.segundamano.mx/img/nga/empleo_y_educacion.png","label":"Busco empleo"},"subject":"Busco trabajo medio tiempo 6 niÃ±os"},"labelmap":{"category":"Categoría","subject":"Título"},"statistics":{"total":{"calls":0,"mails":0,"phone_views":0,"views":0}}},{"ad":{"ad_id":"/private/accounts/11686178/ads/74194677","category":{"code":"8121","color":"FDE8DE","icon":"http://www.segundamano.mx/img/nga/servicios.png","label":"Mudanzas y fletes"},"subject":"Mudanzas y fletes baratos Julio"},"labelmap":{"category":"Categoría","subject":"Título"},"statistics":{"total":{"calls":0,"mails":0,"phone_views":0,"views":0}}},{"ad":{"ad_id":"/private/accounts/11686178/ads/74194660","category":{"code":"6040","color":"E1E1E1","icon":"http://www.segundamano.mx/img/nga/empleo_y_educacion.png","label":"Busco empleo"},"subject":"Busco trabajo medio tiempo 6 niÃ±os"},"labelmap":{"category":"Categoría","subject":"Título"},"statistics":{"total":{"calls":0,"mails":0,"phone_views":0,"views":0}}}]}
Request method:	POST
Request URI:	https://webapi.segundamano.mx/nga/api/v1.1/private/accounts?lang=es
Proxy:			<none>
Request params:	<none>
Query params:	lang=es
Form params:	<none>
Path params:	<none>
Headers:		Authorization=Basic dGVzdDFfYWdlbnRlQG1haWxpbmF0b3IuY29tOjEyMzQ1Ng==
				Accept=*/*
				Content-Type=application/x-www-form-urlencoded; charset=ISO-8859-1
Cookies:		<none>
Multiparts:		<none>
Body:			<none>
Body Response: {"access_token":"mc1xc72367e25c000eb1ac969e5de869292612eee1d9_v2","account":{"account_id":"/private/accounts/11686178","can_publish":true,"email":"test1_agente@mailinator.com","email_verified":true,"locations":[],"name":"agente_ventas4721.0","phone":"1532508014","phone_hidden":false,"professional":false,"rfc":"","uuid":"d89b3d75-6e0f-49be-a5eb-81ad90835e68"},"ad_events":{"24h":{"calls":0,"mails":0,"phone_views":0,"views":0},"7d":{"calls":0,"mails":0,"phone_views":0,"views":0},"total":{"calls":0,"mails":0,"phone_views":0,"views":0}},"token_type":"tag:scmcoord.com,2013:api"}
AccessToken: mc1xc72367e25c000eb1ac969e5de869292612eee1d9_v2
Access token: mc1xc72367e25c000eb1ac969e5de869292612eee1d9_v2
Account id: /private/accounts/11686178
uuid: d89b3d75-6e0f-49be-a5eb-81ad90835e68
Token 2: ZDg5YjNkNzUtNmUwZi00OWJlLWE1ZWItODFhZDkwODM1ZTY4Om1jMXhjNzIzNjdlMjVjMDAwZWIxYWM5NjllNWRlODY5MjkyNjEyZWVlMWQ5X3Yy
Endpoint: https://webapi.segundamano.mx/accounts/d89b3d75-6e0f-49be-a5eb-81ad90835e68/up/74194749Request method:	PUT
Request URI:	https://webapi.segundamano.mx/accounts/d89b3d75-6e0f-49be-a5eb-81ad90835e68/up/74194749
Proxy:			<none>
Request params:	<none>
Query params:	<none>
Form params:	<none>
Path params:	<none>
Headers:		Authorization=Basic ZDg5YjNkNzUtNmUwZi00OWJlLWE1ZWItODFhZDkwODM1ZTY4Om1jMXhjNzIzNjdlMjVjMDAwZWIxYWM5NjllNWRlODY5MjkyNjEyZWVlMWQ5X3Yy
				Accept=application/json, text/plain, */*
				x-source=PHOENIX_DESKTOP
				Content-Type=application/json
Cookies:		<none>
Multiparts:		<none>
Body:
{
    "category": "8121",
    "subject": "Mudanzas y fletes baratos Julio",
    "body": "Si estas buscando una mudanza barata, esta es tu opciÃ³n. Tenemos cobertura en todo el paÃ­s",
    "region": "5",
    "municipality": "51",
    "area": "140000",
    "price": "1",
    "phone_hidden": "true",
    "show_phone": "false",
    "contact_phone": "5544345678"
}
Body Response: {"data":{"ad":{"ad_id":"74194749","subject":"Mudanzas y fletes baratos Julio","category":{"code":"8121","label":"Mudanzas y fletes","parent":{"code":"8120","label":"Transportes","parent":{"code":"8000","label":"Servicios"}}},"region":{"code":"5","label":"Baja California Sur"},"municipality":{"code":"51","label":"Comondú"},"area":{"code":"140000","label":"Otra"},"price":{"currency":"MXN","value":1}}}}
Request method:	POST
Request URI:	https://webapi.segundamano.mx/nga/api/v1.1/private/accounts?lang=es
Proxy:			<none>
Request params:	<none>
Query params:	lang=es
Form params:	<none>
Path params:	<none>
Headers:		Authorization=Basic dGVzdDFfYWdlbnRlQG1haWxpbmF0b3IuY29tOjEyMzQ1Ng==
				Accept=*/*
				Content-Type=application/x-www-form-urlencoded; charset=ISO-8859-1
Cookies:		<none>
Multiparts:		<none>
Body:			<none>
Body Response: {"access_token":"mc1xf139a79339df71b97089d58486bb65a4e3bb35d2_v2","account":{"account_id":"/private/accounts/11686178","can_publish":true,"email":"test1_agente@mailinator.com","email_verified":true,"locations":[],"name":"agente_ventas4721.0","phone":"1532508014","phone_hidden":false,"professional":false,"rfc":"","uuid":"d89b3d75-6e0f-49be-a5eb-81ad90835e68"},"ad_events":{"24h":{"calls":0,"mails":0,"phone_views":0,"views":0},"7d":{"calls":0,"mails":0,"phone_views":0,"views":0},"total":{"calls":0,"mails":0,"phone_views":0,"views":0}},"token_type":"tag:scmcoord.com,2013:api"}
AccessToken: mc1xf139a79339df71b97089d58486bb65a4e3bb35d2_v2
Access token: mc1xf139a79339df71b97089d58486bb65a4e3bb35d2_v2
Account id: /private/accounts/11686178
uuid: d89b3d75-6e0f-49be-a5eb-81ad90835e68
Token 2: ZDg5YjNkNzUtNmUwZi00OWJlLWE1ZWItODFhZDkwODM1ZTY4Om1jMXhmMTM5YTc5MzM5ZGY3MWI5NzA4OWQ1ODQ4NmJiNjVhNGUzYmIzNWQyX3Yy
Endpoint URL https://webapi.segundamano.mx/nga/api/v1/private/accounts/11686178/klfst/74194749 Request method:	DELETE
Request URI:	https://webapi.segundamano.mx/nga/api/v1/private/accounts/11686178/klfst/74194749
Proxy:			<none>
Request params:	<none>
Query params:	<none>
Form params:	<none>
Path params:	<none>
Headers:		Authorization=tag:scmcoord.com,2013:api mc1xf139a79339df71b97089d58486bb65a4e3bb35d2_v2
				Accept=*/*
				Content-Type=application/json
Cookies:		<none>
Multiparts:		<none>
Body:
{
    "delete_reason": {
        "code": "5"
    }
}
Body Response: {"error":{"causes":[{"code":"ERROR_AD_ALREADY_DELETED","label":"ERROR_AD_ALREADY_DELETED","object":"query_string"}],"code":"FORBIDDEN"}}
Request method:	POST
Request URI:	https://webapi.segundamano.mx/addresses/v1/create
Proxy:			<none>
Request params:	<none>
Query params:	<none>
Form params:	contact=Vendedor Casas Durango
				phone=5511111111
				rfc=VESC9012113E3
				zipCode=06720
				exteriorInfo=DR Erazo
				region=16
				municipality=755
				alias=CASA DE LAS ARTESANIAS
Path params:	<none>
Headers:		Authorization=Basic ZDg5YjNkNzUtNmUwZi00OWJlLWE1ZWItODFhZDkwODM1ZTY4Om1jMXhmMTM5YTc5MzM5ZGY3MWI5NzA4OWQ1ODQ4NmJiNjVhNGUzYmIzNWQyX3Yy
				Accept=*/*
				Content-Type=application/x-www-form-urlencoded; charset=UTF-8
Cookies:		<none>
Multiparts:		<none>
Body:			<none>
Body Response: {"addressID":"1e8bf226-fdce-11ec-ba0b-2bad1970265c"}
Address: 1e8bf226-fdce-11ec-ba0b-2bad1970265c
Request method:	PUT
Request URI:	https://webapi.segundamano.mx/addresses/v1/modify/1e8bf226-fdce-11ec-ba0b-2bad1970265c
Proxy:			<none>
Request params:	<none>
Query params:	<none>
Form params:	zipCode=06720
				exteriorInfo=117
				region=11
				municipality=292
				area=7488
				alias=Depto
Path params:	<none>
Headers:		Authorization=Basic ZDg5YjNkNzUtNmUwZi00OWJlLWE1ZWItODFhZDkwODM1ZTY4Om1jMXhmMTM5YTc5MzM5ZGY3MWI5NzA4OWQ1ODQ4NmJiNjVhNGUzYmIzNWQyX3Yy
				Accept=*/*
				Content-Type=application/x-www-form-urlencoded; charset=ISO-8859-1
Cookies:		<none>
Multiparts:		<none>
Body:			<none>
Body Response: {"message":"1e8bf226-fdce-11ec-ba0b-2bad1970265c modified correctly"}
Request method:	DELETE
Request URI:	https://webapi.segundamano.mx/addresses/v1/delete/1e8bf226-fdce-11ec-ba0b-2bad1970265c
Proxy:			<none>
Request params:	<none>
Query params:	<none>
Form params:	<none>
Path params:	<none>
Headers:		Authorization=Basic ZDg5YjNkNzUtNmUwZi00OWJlLWE1ZWItODFhZDkwODM1ZTY4Om1jMXhmMTM5YTc5MzM5ZGY3MWI5NzA4OWQ1ODQ4NmJiNjVhNGUzYmIzNWQyX3Yy
				Accept=*/*
Cookies:		<none>
Multiparts:		<none>
Body:			<none>
Body Response: {"error":"Error deleting Address: Invalid address to delete"}
Request method:	GET
Request URI:	https://webapi.segundamano.mx/tokens/v1/public/balance/detail/d89b3d75-6e0f-49be-a5eb-81ad90835e68
Proxy:			<none>
Request params:	<none>
Query params:	<none>
Form params:	<none>
Path params:	<none>
Headers:		Authorization=Basic ZDg5YjNkNzUtNmUwZi00OWJlLWE1ZWItODFhZDkwODM1ZTY4Om1jMXhmMTM5YTc5MzM5ZGY3MWI5NzA4OWQ1ODQ4NmJiNjVhNGUzYmIzNWQyX3Yy
				Accept=*/*
Cookies:		<none>
Multiparts:		<none>
Body:			<none>
Time: 301
Body Response: {"data":{"balance":[{"token-type":"token_if_re_free","description":"Vales de Inmuebles - Gratis","balance":2,"detail":[{"type":"income","token_id":"token_if_re_free","source":"new-account","amount":2,"created_at":"2022-06-10T00:50:31.552062Z","expires":338,"reference":""}]},{"token-type":"token_if_cars_free","description":"Vales de Autos y Camionetas - Gratis","balance":2,"detail":[{"type":"income","token_id":"token_if_cars_free","source":"new-account","amount":2,"created_at":"2022-06-10T00:50:31.642125Z","expires":338,"reference":""}]},{"token-type":"token_if_motorcycles_free","description":"Vales de Motocicletas - Gratis","balance":2,"detail":[{"type":"income","token_id":"token_if_motorcycles_free","source":"new-account","amount":2,"created_at":"2022-06-10T00:50:31.706636Z","expires":338,"reference":""}]},{"token-type":"token_if_car_parts_free","description":"Vales de Autopartes - Gratis","balance":2,"detail":[{"type":"income","token_id":"token_if_car_parts_free","source":"new-account","amount":2,"created_at":"2022-06-10T00:50:31.738693Z","expires":338,"reference":""}]}]}}

Headers: Server=nginx
Date=Thu, 07 Jul 2022 09:47:35 GMT
Content-Type=application/json; charset=utf-8
Vary=Accept-Encoding
X-Frame-Options=DENY
Content-Encoding=gzip
Via=1.1 google
Alt-Svc=h3=":443"; ma=2592000,h3-29=":443"; ma=2592000
Transfer-Encoding=chunked
Request method:	POST
Request URI:	https://webapi.segundamano.mx/nga/api/v1/private/accounts/otp?lang=es
Proxy:			<none>
Request params:	<none>
Query params:	lang=es
Form params:	<none>
Path params:	<none>
Headers:		Accept=*/*
				Content-Type=text/plain; charset=ISO-8859-1
Cookies:		<none>
Multiparts:		<none>
Body:
{
    "account": {
        "email": "test1_agente@mailinator.com"
    }
}
Body Response: {"account":{"account_id":"/private/accounts/11686178","email":"test1_agente@mailinator.com"}}
Headers: Server=nginx
Date=Thu, 07 Jul 2022 09:47:36 GMT
Content-Type=application/json; charset=utf-8
Vary=Accept-Encoding
X-SCM-API-Version=1
X-Frame-Options=DENY
Content-Encoding=gzip
Via=1.1 google
Alt-Svc=h3=":443"; ma=2592000,h3-29=":443"; ma=2592000
Transfer-Encoding=chunked
Request method:	POST
Request URI:	https://webapi.segundamano.mx/nga/api/v1.1/private/accounts?lang=es
Proxy:			<none>
Request params:	<none>
Query params:	lang=es
Form params:	<none>
Path params:	<none>
Headers:		Authorization=Basic dGVzdDFfYWdlbnRlQG1haWxpbmF0b3IuY29tOjEyMzQ1Ng==
				Accept=*/*
				Content-Type=application/x-www-form-urlencoded; charset=ISO-8859-1
Cookies:		<none>
Multiparts:		<none>
Body:			<none>
Body Response: {"access_token":"mc1x1b3606f64862cb44a503e04b66b3afbe812bbee6_v2","account":{"account_id":"/private/accounts/11686178","can_publish":true,"email":"test1_agente@mailinator.com","email_verified":true,"locations":[],"name":"agente_ventas4721.0","phone":"1532508014","phone_hidden":false,"professional":false,"rfc":"","uuid":"d89b3d75-6e0f-49be-a5eb-81ad90835e68"},"ad_events":{"24h":{"calls":0,"mails":0,"phone_views":0,"views":0},"7d":{"calls":0,"mails":0,"phone_views":0,"views":0},"total":{"calls":0,"mails":0,"phone_views":0,"views":0}},"token_type":"tag:scmcoord.com,2013:api"}
AccessToken: mc1x1b3606f64862cb44a503e04b66b3afbe812bbee6_v2
Access token: mc1x1b3606f64862cb44a503e04b66b3afbe812bbee6_v2
Account id: /private/accounts/11686178
uuid: d89b3d75-6e0f-49be-a5eb-81ad90835e68
Token 2: ZDg5YjNkNzUtNmUwZi00OWJlLWE1ZWItODFhZDkwODM1ZTY4Om1jMXgxYjM2MDZmNjQ4NjJjYjQ0YTUwM2UwNGI2NmIzYWZiZTgxMmJiZWU2X3Yy
Endpoint: https://webapi.segundamano.mx/v2/accounts/d89b3d75-6e0f-49be-a5eb-81ad90835e68/upRequest method:	POST
Request URI:	https://webapi.segundamano.mx/v2/accounts/d89b3d75-6e0f-49be-a5eb-81ad90835e68/up
Proxy:			<none>
Request params:	<none>
Query params:	<none>
Form params:	<none>
Path params:	<none>
Headers:		Authorization=Basic ZDg5YjNkNzUtNmUwZi00OWJlLWE1ZWItODFhZDkwODM1ZTY4Om1jMXgxYjM2MDZmNjQ4NjJjYjQ0YTUwM2UwNGI2NmIzYWZiZTgxMmJiZWU2X3Yy
				Accept=application/json, text/plain, */*
				x-source=PHOENIX_DESKTOP
				Content-Type=application/json
Cookies:		<none>
Multiparts:		<none>
Body:
{
    "category": "6040",
    "subject": "Busco trabajo medio tiempo 6 niÃ±os",
    "body": "Estudiante busca empleo de medio tiempo.",
    "region": "9",
    "municipality": "86186",
    "area": "146072",
    "price": "200",
    "phone_hidden": "true",
    "show_phone": "false",
    "contact_phone": "5512345678"
}
Body Response: {"data":{"ad":{"ad_id":"74194750","subject":"Busco trabajo medio tiempo 6 niÃ±os","category":{"code":"6040","label":"Busco empleo","parent":{"code":"6000","label":"Empleo y educación"}},"region":{"code":"9","label":"Chiapas"},"municipality":{"code":"86186","label":"Capitán Luis Ángel Vidal"},"area":{"code":"146072","label":"Nuevo Guayabal"},"price":{"currency":"MXN","value":200}},"payment_info":{"payment_required":false,"title":"¡Vende más rápido con los Productos Premium!","description":"Elige la opción que mejor se ajuste a tus necesidades","products":[{"id":"serv_free","name":"Anuncio básico","label":"Anuncio con exposición regular, tendrás menos visitas","description":"Anuncio con exposición regular, tendrás menos visitas","price":0,"most_popular":false,"active":true,"payment_methods":["pay_method_tokens"]},{"id":"serv_pole","name":"Posición Principal","label":"Recibe 4 veces más contactos","description":"","price":200,"credits":200,"most_popular":false,"active":true,"payment_methods":["pay_method_credit","pay_method_points","pay_method_oxxo","pay_method_paypal"]},{"id":"serv_premiumpackage_2","name":"Subir diario y Posición principal","label":"Recibe hasta 12 veces más contactos","description":"Sube tu anuncio todos los días durante 7 días y pon tu anuncio en la primera posición durante 3 días","price":220,"credits":220,"most_popular":false,"active":true,"payment_methods":["pay_method_credit","pay_method_points","pay_method_oxxo","pay_method_paypal"]}]}}}
ad_id: 74194750
Request method:	GET
Request URI:	https://webapi.segundamano.mx/shops/api/v1/public/shops?limit=15&search=carros
Proxy:			<none>
Request params:	<none>
Query params:	limit=15
				search=carros
Form params:	<none>
Path params:	<none>
Headers:		Accept=*/*
Cookies:		<none>
Multiparts:		<none>
Body:			<none>
Time: 196
Body Response: {"total_count":1,"list_shops":[{"id":2314,"ad_ids":[937724521,937927458,937954933,938051750,938211894],"ads_counter":23,"category":{"code":"2000"},"locations":[{"code":"16","key":"region","locations":[{"code":"589","key":"municipality"}]}],"name":"Autos providencia gdl","thumbnail":{"base_url":"https://img.segundamano.mx","height":600,"media_id":"95c93ed4-0c48-4899-a4c2-69c299a43bf4","path":"shops/95c93ed4-0c48-4899-a4c2-69c299a43bf4.jpg","width":600},"cover":{"base_url":"https://img.segundamano.mx","height":600,"media_id":"d3a79d65-b741-471c-9e41-a2d397182a33","path":"shops/d3a79d65-b741-471c-9e41-a2d397182a33.jpg","width":1630}}]}

Headers: Server=nginx
Date=Thu, 07 Jul 2022 09:47:40 GMT
Content-Type=application/json; charset=utf-8
Vary=Accept-Encoding
Set-Cookie=s_site_id=canary;Domain=.segundamano.mx;Path=/;Max-Age=31536000
Set-Cookie=s_site_rs=6;Domain=.segundamano.mx;Path=/;Max-Age=31536000
Set-Cookie=s_site_rv=202203311219;Domain=.segundamano.mx;Path=/;Max-Age=31536000
Content-Encoding=gzip
X-Frame-Options=DENY
Via=1.1 google
Alt-Svc=h3=":443"; ma=2592000,h3-29=":443"; ma=2592000
Transfer-Encoding=chunked
Request method:	POST
Request URI:	https://webapi.segundamano.mx/nga/api/v1.1/private/accounts?lang=es
Proxy:			<none>
Request params:	<none>
Query params:	lang=es
Form params:	<none>
Path params:	<none>
Headers:		Authorization=Basic dGVzdDFfYWdlbnRlQG1haWxpbmF0b3IuY29tOjEyMzQ1Ng==
				Accept=*/*
				Content-Type=application/x-www-form-urlencoded; charset=ISO-8859-1
Cookies:		<none>
Multiparts:		<none>
Body:			<none>
Body Response: {"access_token":"mc1xdaed4a258f5e41ffdf47d8206e0700487bdf5d9a_v2","account":{"account_id":"/private/accounts/11686178","can_publish":true,"email":"test1_agente@mailinator.com","email_verified":true,"locations":[],"name":"agente_ventas4721.0","phone":"1532508014","phone_hidden":false,"professional":false,"rfc":"","uuid":"d89b3d75-6e0f-49be-a5eb-81ad90835e68"},"ad_events":{"24h":{"calls":0,"mails":0,"phone_views":0,"views":0},"7d":{"calls":0,"mails":0,"phone_views":0,"views":0},"total":{"calls":0,"mails":0,"phone_views":0,"views":0}},"token_type":"tag:scmcoord.com,2013:api"}
AccessToken: mc1xdaed4a258f5e41ffdf47d8206e0700487bdf5d9a_v2
Access token: mc1xdaed4a258f5e41ffdf47d8206e0700487bdf5d9a_v2
Account id: /private/accounts/11686178
uuid: d89b3d75-6e0f-49be-a5eb-81ad90835e68
Token 2: ZDg5YjNkNzUtNmUwZi00OWJlLWE1ZWItODFhZDkwODM1ZTY4Om1jMXhkYWVkNGEyNThmNWU0MWZmZGY0N2Q4MjA2ZTA3MDA0ODdiZGY1ZDlhX3Yy
Request method:	GET
Request URI:	https://webapi.segundamano.mx/delivery/v1/seller/order
Proxy:			<none>
Request params:	<none>
Query params:	<none>
Form params:	<none>
Path params:	<none>
Headers:		Authorization=Basic ZDg5YjNkNzUtNmUwZi00OWJlLWE1ZWItODFhZDkwODM1ZTY4Om1jMXhkYWVkNGEyNThmNWU0MWZmZGY0N2Q4MjA2ZTA3MDA0ODdiZGY1ZDlhX3Yy
				Accept=*/*
Cookies:		<none>
Multiparts:		<none>
Body:			<none>
Time: 295
Body Response: {"orders":[]}
Headers: Server=nginx
Date=Thu, 07 Jul 2022 09:47:41 GMT
Content-Type=application/json
Vary=Accept-Encoding
X-Frame-Options=DENY
Content-Encoding=gzip
Via=1.1 google
Alt-Svc=h3=":443"; ma=2592000,h3-29=":443"; ma=2592000
Transfer-Encoding=chunked
Request method:	POST
Request URI:	https://webapi.segundamano.mx/nga/api/v1.1/private/accounts?lang=es
Proxy:			<none>
Request params:	<none>
Query params:	lang=es
Form params:	<none>
Path params:	<none>
Headers:		Authorization=Basic dGVzdDFfYWdlbnRlQG1haWxpbmF0b3IuY29tOjEyMzQ1Ng==
				Accept=*/*
				Content-Type=application/x-www-form-urlencoded; charset=ISO-8859-1
Cookies:		<none>
Multiparts:		<none>
Body:			<none>
Body Response: {"access_token":"mc1x497a39f7af6fec24eb005c078a88296c54a5c946_v2","account":{"account_id":"/private/accounts/11686178","can_publish":true,"email":"test1_agente@mailinator.com","email_verified":true,"locations":[],"name":"agente_ventas4721.0","phone":"1532508014","phone_hidden":false,"professional":false,"rfc":"","uuid":"d89b3d75-6e0f-49be-a5eb-81ad90835e68"},"ad_events":{"24h":{"calls":0,"mails":0,"phone_views":0,"views":0},"7d":{"calls":0,"mails":0,"phone_views":0,"views":0},"total":{"calls":0,"mails":0,"phone_views":0,"views":0}},"token_type":"tag:scmcoord.com,2013:api"}
AccessToken: mc1x497a39f7af6fec24eb005c078a88296c54a5c946_v2
Access token: mc1x497a39f7af6fec24eb005c078a88296c54a5c946_v2
Account id: /private/accounts/11686178
uuid: d89b3d75-6e0f-49be-a5eb-81ad90835e68
Token 2: ZDg5YjNkNzUtNmUwZi00OWJlLWE1ZWItODFhZDkwODM1ZTY4Om1jMXg0OTdhMzlmN2FmNmZlYzI0ZWIwMDVjMDc4YTg4Mjk2YzU0YTVjOTQ2X3Yy
Request method:	GET
Request URI:	https://webapi.segundamano.mx/delivery/v1/buyer/order
Proxy:			<none>
Request params:	<none>
Query params:	<none>
Form params:	<none>
Path params:	<none>
Headers:		Authorization=Basic ZDg5YjNkNzUtNmUwZi00OWJlLWE1ZWItODFhZDkwODM1ZTY4Om1jMXg0OTdhMzlmN2FmNmZlYzI0ZWIwMDVjMDc4YTg4Mjk2YzU0YTVjOTQ2X3Yy
				Accept=*/*
Cookies:		<none>
Multiparts:		<none>
Body:			<none>
Time: 255
Body Response: {"orders":[]}
Headers: Server=nginx
Date=Thu, 07 Jul 2022 09:47:42 GMT
Content-Type=application/json
Vary=Accept-Encoding
X-Frame-Options=DENY
Content-Encoding=gzip
Via=1.1 google
Alt-Svc=h3=":443"; ma=2592000,h3-29=":443"; ma=2592000
Transfer-Encoding=chunked
]]></system-out>
  <system-err><![CDATA[jul 07, 2022 4:47:04 AM org.aspectj.weaver.tools.Jdk14Trace error
GRAVE: org/codehaus/groovy/runtime/callsite/AbstractCallSite
java.lang.RuntimeException: bad non-abstract method with no code: void org.codehaus.groovy.runtime.callsite.AbstractCallSite.<init>(org.codehaus.groovy.runtime.callsite.CallSiteArray, int, java.lang.String) on public class org.codehaus.groovy.runtime.callsite.AbstractCallSite
	at org.aspectj.weaver.bcel.LazyMethodGen.<init>(LazyMethodGen.java:223)
	at org.aspectj.weaver.bcel.LazyClassGen.<init>(LazyClassGen.java:362)
	at org.aspectj.weaver.bcel.BcelObjectType.getLazyClassGen(BcelObjectType.java:563)
	at org.aspectj.weaver.bcel.BcelWeaver.weave(BcelWeaver.java:1706)
	at org.aspectj.weaver.bcel.BcelWeaver.weaveWithoutDump(BcelWeaver.java:1657)
	at org.aspectj.weaver.bcel.BcelWeaver.weaveAndNotify(BcelWeaver.java:1422)
	at org.aspectj.weaver.bcel.BcelWeaver.weave(BcelWeaver.java:1196)
	at org.aspectj.weaver.tools.WeavingAdaptor.getWovenBytes(WeavingAdaptor.java:551)
	at org.aspectj.weaver.tools.WeavingAdaptor.weaveClass(WeavingAdaptor.java:387)
	at org.aspectj.weaver.loadtime.Aj.preProcess(Aj.java:116)
	at org.aspectj.weaver.loadtime.ClassPreProcessorAgentAdapter.transform(ClassPreProcessorAgentAdapter.java:51)
	at sun.instrument.TransformerManager.transform(TransformerManager.java:188)
	at sun.instrument.InstrumentationImpl.transform(InstrumentationImpl.java:428)
	at java.lang.ClassLoader.defineClass1(Native Method)
	at java.lang.ClassLoader.defineClass(ClassLoader.java:756)
	at java.lang.ClassLoader.defineClass(ClassLoader.java:635)
	at org.codehaus.groovy.reflection.SunClassLoader.define(SunClassLoader.java:99)
	at org.codehaus.groovy.runtime.callsite.GroovySunClassLoader.loadAbstract(GroovySunClassLoader.java:74)
	at org.codehaus.groovy.runtime.callsite.GroovySunClassLoader.<init>(GroovySunClassLoader.java:55)
	at org.codehaus.groovy.runtime.callsite.GroovySunClassLoader.<init>(GroovySunClassLoader.java:50)
	at org.codehaus.groovy.runtime.callsite.GroovySunClassLoader.lambda$static$0(GroovySunClassLoader.java:41)
	at java.security.AccessController.doPrivileged(Native Method)
	at org.codehaus.groovy.vmplugin.v8.Java8.doPrivileged(Java8.java:628)
	at org.codehaus.groovy.runtime.callsite.GroovySunClassLoader.<clinit>(GroovySunClassLoader.java:38)
	at org.codehaus.groovy.runtime.callsite.CallSiteGenerator.isCompilable(CallSiteGenerator.java:252)
	at org.codehaus.groovy.reflection.CachedMethod.createStaticMetaMethodSite(CachedMethod.java:302)
	at org.codehaus.groovy.runtime.callsite.StaticMetaMethodSite.createStaticMetaMethodSite(StaticMetaMethodSite.java:114)
	at groovy.lang.MetaClassImpl.createStaticSite(MetaClassImpl.java:3595)
	at org.codehaus.groovy.runtime.callsite.CallSiteArray.createCallStaticSite(CallSiteArray.java:73)
	at org.codehaus.groovy.runtime.callsite.CallSiteArray.createCallSite(CallSiteArray.java:155)
	at org.codehaus.groovy.runtime.callsite.CallSiteArray.defaultCall(CallSiteArray.java:46)
	at org.codehaus.groovy.runtime.callsite.AbstractCallSite.call(AbstractCallSite.java:125)
	at org.codehaus.groovy.runtime.callsite.AbstractCallSite.call(AbstractCallSite.java:130)
	at io.restassured.internal.common.assertion.AssertParameter.notNull(AssertParameter.groovy:21)
	at io.restassured.config.SSLConfig.<init>(SSLConfig.java:192)
	at io.restassured.config.SSLConfig.<init>(SSLConfig.java:184)
	at io.restassured.config.RestAssuredConfig.<init>(RestAssuredConfig.java:41)
	at io.restassured.RestAssured.<clinit>(RestAssured.java:422)
	at eComerce.obtener_categorias(eComerce.java:79)
	at sun.reflect.NativeMethodAccessorImpl.invoke0(Native Method)
	at sun.reflect.NativeMethodAccessorImpl.invoke(NativeMethodAccessorImpl.java:62)
	at sun.reflect.DelegatingMethodAccessorImpl.invoke(DelegatingMethodAccessorImpl.java:43)
	at java.lang.reflect.Method.invoke(Method.java:498)
	at org.junit.platform.commons.util.ReflectionUtils.invokeMethod(ReflectionUtils.java:725)
	at org.junit.jupiter.engine.execution.MethodInvocation.proceed(MethodInvocation.java:60)
	at org.junit.jupiter.engine.execution.InvocationInterceptorChain$ValidatingInvocation.proceed(InvocationInterceptorChain.java:131)
	at org.junit.jupiter.api.extension.InvocationInterceptor.interceptTestMethod(InvocationInterceptor.java:118)
	at org.junit.jupiter.engine.execution.ExecutableInvoker$ReflectiveInterceptorCall.lambda$ofVoidMethod$0(ExecutableInvoker.java:115)
	at org.junit.jupiter.engine.execution.ExecutableInvoker.lambda$invoke$0(ExecutableInvoker.java:105)
	at org.junit.jupiter.engine.execution.InvocationInterceptorChain$InterceptedInvocation.proceed(InvocationInterceptorChain.java:106)
	at org.junit.jupiter.engine.extension.TimeoutExtension.intercept(TimeoutExtension.java:149)
	at org.junit.jupiter.engine.extension.TimeoutExtension.interceptTestableMethod(TimeoutExtension.java:140)
	at org.junit.jupiter.engine.extension.TimeoutExtension.interceptTestMethod(TimeoutExtension.java:84)
	at org.junit.jupiter.engine.execution.ExecutableInvoker$ReflectiveInterceptorCall.lambda$ofVoidMethod$0(ExecutableInvoker.java:115)
	at org.junit.jupiter.engine.execution.ExecutableInvoker.lambda$invoke$0(ExecutableInvoker.java:105)
	at org.junit.jupiter.engine.execution.InvocationInterceptorChain$InterceptedInvocation.proceed(InvocationInterceptorChain.java:106)
	at org.junit.jupiter.engine.execution.InvocationInterceptorChain.proceed(InvocationInterceptorChain.java:64)
	at org.junit.jupiter.engine.execution.InvocationInterceptorChain.chainAndInvoke(InvocationInterceptorChain.java:45)
	at org.junit.jupiter.engine.execution.InvocationInterceptorChain.invoke(InvocationInterceptorChain.java:37)
	at org.junit.jupiter.engine.execution.ExecutableInvoker.invoke(ExecutableInvoker.java:104)
	at org.junit.jupiter.engine.execution.ExecutableInvoker.invoke(ExecutableInvoker.java:98)
	at org.junit.jupiter.engine.descriptor.TestMethodTestDescriptor.lambda$invokeTestMethod$7(TestMethodTestDescriptor.java:214)
	at org.junit.platform.engine.support.hierarchical.ThrowableCollector.execute(ThrowableCollector.java:73)
	at org.junit.jupiter.engine.descriptor.TestMethodTestDescriptor.invokeTestMethod(TestMethodTestDescriptor.java:210)
	at org.junit.jupiter.engine.descriptor.TestMethodTestDescriptor.execute(TestMethodTestDescriptor.java:135)
	at org.junit.jupiter.engine.descriptor.TestMethodTestDescriptor.execute(TestMethodTestDescriptor.java:66)
	at org.junit.platform.engine.support.hierarchical.NodeTestTask.lambda$executeRecursively$6(NodeTestTask.java:151)
	at org.junit.platform.engine.support.hierarchical.ThrowableCollector.execute(ThrowableCollector.java:73)
	at org.junit.platform.engine.support.hierarchical.NodeTestTask.lambda$executeRecursively$8(NodeTestTask.java:141)
	at org.junit.platform.engine.support.hierarchical.Node.around(Node.java:137)
	at org.junit.platform.engine.support.hierarchical.NodeTestTask.lambda$executeRecursively$9(NodeTestTask.java:139)
	at org.junit.platform.engine.support.hierarchical.ThrowableCollector.execute(ThrowableCollector.java:73)
	at org.junit.platform.engine.support.hierarchical.NodeTestTask.executeRecursively(NodeTestTask.java:138)
	at org.junit.platform.engine.support.hierarchical.NodeTestTask.execute(NodeTestTask.java:95)
	at java.util.ArrayList.forEach(ArrayList.java:1259)
	at org.junit.platform.engine.support.hierarchical.SameThreadHierarchicalTestExecutorService.invokeAll(SameThreadHierarchicalTestExecutorService.java:41)
	at org.junit.platform.engine.support.hierarchical.NodeTestTask.lambda$executeRecursively$6(NodeTestTask.java:155)
	at org.junit.platform.engine.support.hierarchical.ThrowableCollector.execute(ThrowableCollector.java:73)
	at org.junit.platform.engine.support.hierarchical.NodeTestTask.lambda$executeRecursively$8(NodeTestTask.java:141)
	at org.junit.platform.engine.support.hierarchical.Node.around(Node.java:137)
	at org.junit.platform.engine.support.hierarchical.NodeTestTask.lambda$executeRecursively$9(NodeTestTask.java:139)
	at org.junit.platform.engine.support.hierarchical.ThrowableCollector.execute(ThrowableCollector.java:73)
	at org.junit.platform.engine.support.hierarchical.NodeTestTask.executeRecursively(NodeTestTask.java:138)
	at org.junit.platform.engine.support.hierarchical.NodeTestTask.execute(NodeTestTask.java:95)
	at java.util.ArrayList.forEach(ArrayList.java:1259)
	at org.junit.platform.engine.support.hierarchical.SameThreadHierarchicalTestExecutorService.invokeAll(SameThreadHierarchicalTestExecutorService.java:41)
	at org.junit.platform.engine.support.hierarchical.NodeTestTask.lambda$executeRecursively$6(NodeTestTask.java:155)
	at org.junit.platform.engine.support.hierarchical.ThrowableCollector.execute(ThrowableCollector.java:73)
	at org.junit.platform.engine.support.hierarchical.NodeTestTask.lambda$executeRecursively$8(NodeTestTask.java:141)
	at org.junit.platform.engine.support.hierarchical.Node.around(Node.java:137)
	at org.junit.platform.engine.support.hierarchical.NodeTestTask.lambda$executeRecursively$9(NodeTestTask.java:139)
	at org.junit.platform.engine.support.hierarchical.ThrowableCollector.execute(ThrowableCollector.java:73)
	at org.junit.platform.engine.support.hierarchical.NodeTestTask.executeRecursively(NodeTestTask.java:138)
	at org.junit.platform.engine.support.hierarchical.NodeTestTask.execute(NodeTestTask.java:95)
	at org.junit.platform.engine.support.hierarchical.SameThreadHierarchicalTestExecutorService.submit(SameThreadHierarchicalTestExecutorService.java:35)
	at org.junit.platform.engine.support.hierarchical.HierarchicalTestExecutor.execute(HierarchicalTestExecutor.java:57)
	at org.junit.platform.engine.support.hierarchical.HierarchicalTestEngine.execute(HierarchicalTestEngine.java:54)
	at org.junit.platform.launcher.core.EngineExecutionOrchestrator.execute(EngineExecutionOrchestrator.java:107)
	at org.junit.platform.launcher.core.EngineExecutionOrchestrator.execute(EngineExecutionOrchestrator.java:88)
	at org.junit.platform.launcher.core.EngineExecutionOrchestrator.lambda$execute$0(EngineExecutionOrchestrator.java:54)
	at org.junit.platform.launcher.core.EngineExecutionOrchestrator.withInterceptedStreams(EngineExecutionOrchestrator.java:67)
	at org.junit.platform.launcher.core.EngineExecutionOrchestrator.execute(EngineExecutionOrchestrator.java:52)
	at org.junit.platform.launcher.core.DefaultLauncher.execute(DefaultLauncher.java:114)
	at org.junit.platform.launcher.core.DefaultLauncher.execute(DefaultLauncher.java:86)
	at org.junit.platform.launcher.core.DefaultLauncherSession$DelegatingLauncher.execute(DefaultLauncherSession.java:86)
	at org.junit.platform.launcher.core.SessionPerRequestLauncher.execute(SessionPerRequestLauncher.java:53)
	at org.gradle.api.internal.tasks.testing.junitplatform.JUnitPlatformTestClassProcessor$CollectAllTestClassesExecutor.processAllTestClasses(JUnitPlatformTestClassProcessor.java:99)
	at org.gradle.api.internal.tasks.testing.junitplatform.JUnitPlatformTestClassProcessor$CollectAllTestClassesExecutor.access$000(JUnitPlatformTestClassProcessor.java:79)
	at org.gradle.api.internal.tasks.testing.junitplatform.JUnitPlatformTestClassProcessor.stop(JUnitPlatformTestClassProcessor.java:75)
	at org.gradle.api.internal.tasks.testing.SuiteTestClassProcessor.stop(SuiteTestClassProcessor.java:61)
	at sun.reflect.NativeMethodAccessorImpl.invoke0(Native Method)
	at sun.reflect.NativeMethodAccessorImpl.invoke(NativeMethodAccessorImpl.java:62)
	at sun.reflect.DelegatingMethodAccessorImpl.invoke(DelegatingMethodAccessorImpl.java:43)
	at java.lang.reflect.Method.invoke(Method.java:498)
	at org.gradle.internal.dispatch.ReflectionDispatch.dispatch(ReflectionDispatch.java:36)
	at org.gradle.internal.dispatch.ReflectionDispatch.dispatch(ReflectionDispatch.java:24)
	at org.gradle.internal.dispatch.ContextClassLoaderDispatch.dispatch(ContextClassLoaderDispatch.java:33)
	at org.gradle.internal.dispatch.ProxyDispatchAdapter$DispatchingInvocationHandler.invoke(ProxyDispatchAdapter.java:94)
	at com.sun.proxy.$Proxy2.stop(Unknown Source)
	at org.gradle.api.internal.tasks.testing.worker.TestWorker.stop(TestWorker.java:135)
	at sun.reflect.NativeMethodAccessorImpl.invoke0(Native Method)
	at sun.reflect.NativeMethodAccessorImpl.invoke(NativeMethodAccessorImpl.java:62)
	at sun.reflect.DelegatingMethodAccessorImpl.invoke(DelegatingMethodAccessorImpl.java:43)
	at java.lang.reflect.Method.invoke(Method.java:498)
	at org.gradle.internal.dispatch.ReflectionDispatch.dispatch(ReflectionDispatch.java:36)
	at org.gradle.internal.dispatch.ReflectionDispatch.dispatch(ReflectionDispatch.java:24)
	at org.gradle.internal.remote.internal.hub.MessageHubBackedObjectConnection$DispatchWrapper.dispatch(MessageHubBackedObjectConnection.java:182)
	at org.gradle.internal.remote.internal.hub.MessageHubBackedObjectConnection$DispatchWrapper.dispatch(MessageHubBackedObjectConnection.java:164)
	at org.gradle.internal.remote.internal.hub.MessageHub$Handler.run(MessageHub.java:414)
	at org.gradle.internal.concurrent.ExecutorPolicy$CatchAndRecordFailures.onExecute(ExecutorPolicy.java:64)
	at org.gradle.internal.concurrent.ManagedExecutorImpl$1.run(ManagedExecutorImpl.java:48)
	at java.util.concurrent.ThreadPoolExecutor.runWorker(ThreadPoolExecutor.java:1149)
	at java.util.concurrent.ThreadPoolExecutor$Worker.run(ThreadPoolExecutor.java:624)
	at org.gradle.internal.concurrent.ThreadFactoryImpl$ManagedThreadRunnable.run(ThreadFactoryImpl.java:56)
	at java.lang.Thread.run(Thread.java:748)

jul 07, 2022 4:47:04 AM org.aspectj.weaver.tools.Jdk14Trace info
INFORMACIÓN: Dumping to C:\Users\cynth\Documents\Proyectos\API\APIS-Junio2022\RestAssured\.\ajcore.20220707.044704.584.txt
]]></system-err>
</testsuite>
